#
# There is insufficient memory for the Java Runtime Environment to continue.
# Native memory allocation (mmap) failed to map 65536 bytes for Failed to commit metaspace.
# Possible reasons:
#   The system is out of physical RAM or swap space
#   The process is running with CompressedOops enabled, and the Java Heap may be blocking the growth of the native heap
# Possible solutions:
#   Reduce memory load on the system
#   Increase physical memory or swap space
#   Check if swap backing store is full
#   Decrease Java heap size (-Xmx/-Xms)
#   Decrease number of Java threads
#   Decrease Java thread stack sizes (-Xss)
#   Set larger code cache with -XX:ReservedCodeCacheSize=
#   JVM is running with Unscaled Compressed Oops mode in which the Java heap is
#     placed in the first 4GB address space. The Java Heap base address is the
#     maximum limit for the native heap growth. Please use -XX:HeapBaseMinAddress
#     to set the Java Heap base and to place the Java Heap above 4GB virtual address.
# This output file may be truncated or incomplete.
#
#  Out of Memory Error (virtualSpaceNode.cpp:110), pid=6776, tid=1636
#
# JRE version: OpenJDK Runtime Environment Temurin-17.0.6+10 (17.0.6+10) (build 17.0.6+10)
# Java VM: OpenJDK 64-Bit Server VM Temurin-17.0.6+10 (17.0.6+10, mixed mode, tiered, compressed oops, compressed class ptrs, parallel gc, windows-amd64)
# No core dump will be written. Minidumps are not enabled by default on client versions of Windows
#

---------------  S U M M A R Y ------------

Command Line: --add-modules=ALL-SYSTEM --add-opens=java.base/java.util=ALL-UNNAMED --add-opens=java.base/java.lang=ALL-UNNAMED --add-opens=java.base/sun.nio.fs=ALL-UNNAMED -Declipse.application=org.eclipse.jdt.ls.core.id1 -Dosgi.bundles.defaultStartLevel=4 -Declipse.product=org.eclipse.jdt.ls.core.product -Djava.import.generatesMetadataFilesAtProjectRoot=false -Dfile.encoding=utf8 -XX:+UseParallelGC -XX:GCTimeRatio=4 -XX:AdaptiveSizePolicyWeight=90 -Dsun.zip.disableMemoryMapping=true -Xmx1G -Xms100m -Xlog:disable -javaagent:c:\Users\COMPUTER\.vscode\extensions\redhat.java-1.16.0-win32-x64\lombok\lombok-1.18.24.jar c:\Users\COMPUTER\.vscode\extensions\redhat.java-1.16.0-win32-x64\server\plugins\org.eclipse.equinox.launcher_1.6.400.v20210924-0641.jar -configuration c:\Users\COMPUTER\AppData\Roaming\Code\User\globalStorage\redhat.java\1.16.0\config_ss_win -data c:\Users\COMPUTER\AppData\Roaming\Code\User\workspaceStorage\e4d05500d29153e08afaec927363cd10\redhat.java\ss_ws

Host: 11th Gen Intel(R) Core(TM) i5-1135G7 @ 2.40GHz, 8 cores, 7G,  Windows 11 , 64 bit Build 22621 (10.0.22621.1344)
Time: Wed Apr  5 22:37:23 2023 SE Asia Standard Time elapsed time: 6.993743 seconds (0d 0h 0m 6s)

---------------  T H R E A D  ---------------

Current thread (0x000001d3cc8b0b80):  JavaThread "Start Level: Equinox Container: a549c37e-fbe0-4ed8-a316-b04f98b18c01" daemon [_thread_in_vm, id=1636, stack(0x000000ce6db00000,0x000000ce6dc00000)]

Stack: [0x000000ce6db00000,0x000000ce6dc00000]
Native frames: (J=compiled Java code, j=interpreted, Vv=VM code, C=native code)
V  [jvm.dll+0x67741a]
V  [jvm.dll+0x834434]
V  [jvm.dll+0x835bde]
V  [jvm.dll+0x836243]
V  [jvm.dll+0x2457b5]
V  [jvm.dll+0x8304cb]
V  [jvm.dll+0x61bca6]
V  [jvm.dll+0x1c05fe]
V  [jvm.dll+0x61e5f1]
V  [jvm.dll+0x61c646]
V  [jvm.dll+0x23b256]
V  [jvm.dll+0x1eae0d]
V  [jvm.dll+0x1e0841]
V  [jvm.dll+0x53c6d0]
V  [jvm.dll+0x7af5e8]
V  [jvm.dll+0x7af6d4]
V  [jvm.dll+0x40bc05]
V  [jvm.dll+0x411d58]
C  [java.dll+0x17ec]

Java frames: (J=compiled Java code, j=interpreted, Vv=VM code)
J 1035  java.lang.ClassLoader.defineClass1(Ljava/lang/ClassLoader;Ljava/lang/String;[BIILjava/security/ProtectionDomain;Ljava/lang/String;)Ljava/lang/Class; java.base@17.0.6 (0 bytes) @ 0x000001d3bffc6fdb [0x000001d3bffc6f20+0x00000000000000bb]
J 1624 c1 java.lang.ClassLoader.defineClass(Ljava/lang/String;[BIILjava/security/ProtectionDomain;)Ljava/lang/Class; java.base@17.0.6 (43 bytes) @ 0x000001d3b878afd4 [0x000001d3b878ac80+0x0000000000000354]
J 2039 c1 org.eclipse.osgi.internal.loader.ModuleClassLoader.defineClass(Ljava/lang/String;[BLorg/eclipse/osgi/internal/loader/classpath/ClasspathEntry;)Lorg/eclipse/osgi/internal/loader/ModuleClassLoader$DefineClassResult; (138 bytes) @ 0x000001d3b888181c [0x000001d3b88815c0+0x000000000000025c]
J 1911 c1 org.eclipse.osgi.internal.loader.classpath.ClasspathManager.defineClass(Ljava/lang/String;[BLorg/eclipse/osgi/internal/loader/classpath/ClasspathEntry;Lorg/eclipse/osgi/storage/bundlefile/BundleEntry;Ljava/util/List;)Ljava/lang/Class; (636 bytes) @ 0x000001d3b882e2b4 [0x000001d3b882c8e0+0x00000000000019d4]
J 1668 c1 org.eclipse.osgi.internal.loader.classpath.ClasspathManager.findClassImpl(Ljava/lang/String;Lorg/eclipse/osgi/internal/loader/classpath/ClasspathEntry;Ljava/util/List;)Ljava/lang/Class; (308 bytes) @ 0x000001d3b87b3e4c [0x000001d3b87b1060+0x0000000000002dec]
J 1667 c1 org.eclipse.osgi.internal.loader.classpath.ClasspathManager.findLocalClassImpl(Ljava/lang/String;[Lorg/eclipse/osgi/internal/loader/classpath/ClasspathEntry;Ljava/util/List;)Ljava/lang/Class; (55 bytes) @ 0x000001d3b87b04cc [0x000001d3b87b0340+0x000000000000018c]
J 1666 c1 org.eclipse.osgi.internal.loader.classpath.ClasspathManager.findLocalClassImpl(Ljava/lang/String;Ljava/util/List;)Ljava/lang/Class; (132 bytes) @ 0x000001d3b87afa54 [0x000001d3b87af540+0x0000000000000514]
J 1770 c1 org.eclipse.osgi.internal.loader.classpath.ClasspathManager.findLocalClass(Ljava/lang/String;)Ljava/lang/Class; (210 bytes) @ 0x000001d3b87de23c [0x000001d3b87dd5a0+0x0000000000000c9c]
J 1658 c1 org.eclipse.osgi.internal.loader.BundleLoader.findLocalClass(Ljava/lang/String;)Ljava/lang/Class; (152 bytes) @ 0x000001d3b87a44ec [0x000001d3b87a3ca0+0x000000000000084c]
J 1895 c1 org.eclipse.osgi.internal.loader.sources.SingleSourcePackage.loadClass(Ljava/lang/String;)Ljava/lang/Class; (9 bytes) @ 0x000001d3b8822cbc [0x000001d3b8822bc0+0x00000000000000fc]
J 1589 c1 org.eclipse.osgi.internal.loader.BundleLoader.findClass0(Ljava/lang/String;ZZ)Ljava/lang/Class; (466 bytes) @ 0x000001d3b8779f1c [0x000001d3b8777920+0x00000000000025fc]
J 1588 c1 org.eclipse.osgi.internal.loader.BundleLoader.findClass(Ljava/lang/String;)Ljava/lang/Class; (8 bytes) @ 0x000001d3b877701c [0x000001d3b8776fa0+0x000000000000007c]
J 1590 c1 org.eclipse.osgi.internal.loader.ModuleClassLoader.loadClass(Ljava/lang/String;Z)Ljava/lang/Class; (36 bytes) @ 0x000001d3b877d03c [0x000001d3b877ce20+0x000000000000021c]
J 779 c1 java.lang.ClassLoader.loadClass(Ljava/lang/String;)Ljava/lang/Class; java.base@17.0.6 (7 bytes) @ 0x000001d3b85d73bc [0x000001d3b85d72c0+0x00000000000000fc]
v  ~StubRoutines::call_stub
J 1035  java.lang.ClassLoader.defineClass1(Ljava/lang/ClassLoader;Ljava/lang/String;[BIILjava/security/ProtectionDomain;Ljava/lang/String;)Ljava/lang/Class; java.base@17.0.6 (0 bytes) @ 0x000001d3bffc6fdb [0x000001d3bffc6f20+0x00000000000000bb]
J 1624 c1 java.lang.ClassLoader.defineClass(Ljava/lang/String;[BIILjava/security/ProtectionDomain;)Ljava/lang/Class; java.base@17.0.6 (43 bytes) @ 0x000001d3b878afd4 [0x000001d3b878ac80+0x0000000000000354]
J 2039 c1 org.eclipse.osgi.internal.loader.ModuleClassLoader.defineClass(Ljava/lang/String;[BLorg/eclipse/osgi/internal/loader/classpath/ClasspathEntry;)Lorg/eclipse/osgi/internal/loader/ModuleClassLoader$DefineClassResult; (138 bytes) @ 0x000001d3b888181c [0x000001d3b88815c0+0x000000000000025c]
J 1911 c1 org.eclipse.osgi.internal.loader.classpath.ClasspathManager.defineClass(Ljava/lang/String;[BLorg/eclipse/osgi/internal/loader/classpath/ClasspathEntry;Lorg/eclipse/osgi/storage/bundlefile/BundleEntry;Ljava/util/List;)Ljava/lang/Class; (636 bytes) @ 0x000001d3b882e2b4 [0x000001d3b882c8e0+0x00000000000019d4]
J 1668 c1 org.eclipse.osgi.internal.loader.classpath.ClasspathManager.findClassImpl(Ljava/lang/String;Lorg/eclipse/osgi/internal/loader/classpath/ClasspathEntry;Ljava/util/List;)Ljava/lang/Class; (308 bytes) @ 0x000001d3b87b3e4c [0x000001d3b87b1060+0x0000000000002dec]
J 1667 c1 org.eclipse.osgi.internal.loader.classpath.ClasspathManager.findLocalClassImpl(Ljava/lang/String;[Lorg/eclipse/osgi/internal/loader/classpath/ClasspathEntry;Ljava/util/List;)Ljava/lang/Class; (55 bytes) @ 0x000001d3b87b04cc [0x000001d3b87b0340+0x000000000000018c]
J 1666 c1 org.eclipse.osgi.internal.loader.classpath.ClasspathManager.findLocalClassImpl(Ljava/lang/String;Ljava/util/List;)Ljava/lang/Class; (132 bytes) @ 0x000001d3b87afa54 [0x000001d3b87af540+0x0000000000000514]
J 1770 c1 org.eclipse.osgi.internal.loader.classpath.ClasspathManager.findLocalClass(Ljava/lang/String;)Ljava/lang/Class; (210 bytes) @ 0x000001d3b87de23c [0x000001d3b87dd5a0+0x0000000000000c9c]
J 1658 c1 org.eclipse.osgi.internal.loader.BundleLoader.findLocalClass(Ljava/lang/String;)Ljava/lang/Class; (152 bytes) @ 0x000001d3b87a44ec [0x000001d3b87a3ca0+0x000000000000084c]
J 1589 c1 org.eclipse.osgi.internal.loader.BundleLoader.findClass0(Ljava/lang/String;ZZ)Ljava/lang/Class; (466 bytes) @ 0x000001d3b877a014 [0x000001d3b8777920+0x00000000000026f4]
J 1588 c1 org.eclipse.osgi.internal.loader.BundleLoader.findClass(Ljava/lang/String;)Ljava/lang/Class; (8 bytes) @ 0x000001d3b877701c [0x000001d3b8776fa0+0x000000000000007c]
J 1590 c1 org.eclipse.osgi.internal.loader.ModuleClassLoader.loadClass(Ljava/lang/String;Z)Ljava/lang/Class; (36 bytes) @ 0x000001d3b877d03c [0x000001d3b877ce20+0x000000000000021c]
J 779 c1 java.lang.ClassLoader.loadClass(Ljava/lang/String;)Ljava/lang/Class; java.base@17.0.6 (7 bytes) @ 0x000001d3b85d73bc [0x000001d3b85d72c0+0x00000000000000fc]
v  ~StubRoutines::call_stub
j  java.lang.Class.getDeclaredConstructors0(Z)[Ljava/lang/reflect/Constructor;+0 java.base@17.0.6
j  java.lang.Class.privateGetDeclaredConstructors(Z)[Ljava/lang/reflect/Constructor;+52 java.base@17.0.6
j  java.lang.Class.getConstructor0([Ljava/lang/Class;I)Ljava/lang/reflect/Constructor;+14 java.base@17.0.6
j  java.lang.Class.getConstructor([Ljava/lang/Class;)Ljava/lang/reflect/Constructor;+24 java.base@17.0.6
j  org.eclipse.osgi.internal.framework.BundleContextImpl.loadBundleActivator()Lorg/osgi/framework/BundleActivator;+105
j  org.eclipse.osgi.internal.framework.BundleContextImpl.start()V+18
j  org.eclipse.osgi.internal.framework.EquinoxBundle.startWorker0()V+35
j  org.eclipse.osgi.internal.framework.EquinoxBundle$EquinoxModule.startWorker()V+4
j  org.eclipse.osgi.container.Module.doStart([Lorg/eclipse/osgi/container/Module$StartOptions;)Lorg/eclipse/osgi/container/ModuleContainerAdaptor$ModuleEvent;+190
j  org.eclipse.osgi.container.Module.start([Lorg/eclipse/osgi/container/Module$StartOptions;)V+460
j  org.eclipse.osgi.container.ModuleContainer$ContainerStartLevel$2.run()V+71
j  org.eclipse.osgi.internal.framework.EquinoxContainerAdaptor$1$1.execute(Ljava/lang/Runnable;)V+1
j  org.eclipse.osgi.container.ModuleContainer$ContainerStartLevel.incStartLevel(ILjava/util/List;Z)V+192
j  org.eclipse.osgi.container.ModuleContainer$ContainerStartLevel.incStartLevel(ILjava/util/List;Ljava/util/List;Ljava/util/List;Ljava/util/List;)V+19
j  org.eclipse.osgi.container.ModuleContainer$ContainerStartLevel.doContainerStartLevel(Lorg/eclipse/osgi/container/Module;I[Lorg/osgi/framework/FrameworkListener;)V+349
j  org.eclipse.osgi.container.ModuleContainer$ContainerStartLevel.dispatchEvent(Lorg/eclipse/osgi/container/Module;[Lorg/osgi/framework/FrameworkListener;ILjava/lang/Integer;)V+32
j  org.eclipse.osgi.container.ModuleContainer$ContainerStartLevel.dispatchEvent(Ljava/lang/Object;Ljava/lang/Object;ILjava/lang/Object;)V+15
j  org.eclipse.osgi.framework.eventmgr.EventManager.dispatchEvent(Ljava/util/Set;Lorg/eclipse/osgi/framework/eventmgr/EventDispatcher;ILjava/lang/Object;)V+48
j  org.eclipse.osgi.framework.eventmgr.EventManager$EventThread.run()V+26
v  ~StubRoutines::call_stub

---------------  P R O C E S S  ---------------

Threads class SMR info:
_java_thread_list=0x000001d3cc184bf0, length=20, elements={
0x000001d3b581d7d0, 0x000001d3b58db020, 0x000001d3b58dc370, 0x000001d3c969cff0,
0x000001d3c969d9b0, 0x000001d3cb172f20, 0x000001d3cb176f30, 0x000001d3cb17f000,
0x000001d3cb1806b0, 0x000001d3cb189780, 0x000001d3b5882b80, 0x000001d3cb4aae20,
0x000001d3cc619560, 0x000001d3cc895010, 0x000001d3cc8b0b80, 0x000001d3cd425760,
0x000001d3cc858f00, 0x000001d3cc301030, 0x000001d3cc7d1ae0, 0x000001d3cc7d0c70
}

Java Threads: ( => current thread )
  0x000001d3b581d7d0 JavaThread "main" [_thread_blocked, id=15196, stack(0x000000ce6c400000,0x000000ce6c500000)]
  0x000001d3b58db020 JavaThread "Reference Handler" daemon [_thread_blocked, id=7016, stack(0x000000ce6c700000,0x000000ce6c800000)]
  0x000001d3b58dc370 JavaThread "Finalizer" daemon [_thread_blocked, id=5380, stack(0x000000ce6c800000,0x000000ce6c900000)]
  0x000001d3c969cff0 JavaThread "Signal Dispatcher" daemon [_thread_blocked, id=2432, stack(0x000000ce6c900000,0x000000ce6ca00000)]
  0x000001d3c969d9b0 JavaThread "Attach Listener" daemon [_thread_blocked, id=17936, stack(0x000000ce6ca00000,0x000000ce6cb00000)]
  0x000001d3cb172f20 JavaThread "Service Thread" daemon [_thread_blocked, id=5432, stack(0x000000ce6cb00000,0x000000ce6cc00000)]
  0x000001d3cb176f30 JavaThread "Monitor Deflation Thread" daemon [_thread_blocked, id=4352, stack(0x000000ce6cc00000,0x000000ce6cd00000)]
  0x000001d3cb17f000 JavaThread "C2 CompilerThread0" daemon [_thread_blocked, id=14060, stack(0x000000ce6cd00000,0x000000ce6ce00000)]
  0x000001d3cb1806b0 JavaThread "C1 CompilerThread0" daemon [_thread_blocked, id=6532, stack(0x000000ce6ce00000,0x000000ce6cf00000)]
  0x000001d3cb189780 JavaThread "Sweeper thread" daemon [_thread_blocked, id=18268, stack(0x000000ce6cf00000,0x000000ce6d000000)]
  0x000001d3b5882b80 JavaThread "Common-Cleaner" daemon [_thread_blocked, id=17704, stack(0x000000ce6d000000,0x000000ce6d100000)]
  0x000001d3cb4aae20 JavaThread "Notification Thread" daemon [_thread_blocked, id=3472, stack(0x000000ce6d100000,0x000000ce6d200000)]
  0x000001d3cc619560 JavaThread "Active Thread: Equinox Container: a549c37e-fbe0-4ed8-a316-b04f98b18c01" [_thread_blocked, id=1388, stack(0x000000ce6d900000,0x000000ce6da00000)]
  0x000001d3cc895010 JavaThread "Framework Event Dispatcher: Equinox Container: a549c37e-fbe0-4ed8-a316-b04f98b18c01" daemon [_thread_blocked, id=8772, stack(0x000000ce6da00000,0x000000ce6db00000)]
=>0x000001d3cc8b0b80 JavaThread "Start Level: Equinox Container: a549c37e-fbe0-4ed8-a316-b04f98b18c01" daemon [_thread_in_vm, id=1636, stack(0x000000ce6db00000,0x000000ce6dc00000)]
  0x000001d3cd425760 JavaThread "SCR Component Actor" daemon [_thread_blocked, id=21528, stack(0x000000ce6dc00000,0x000000ce6dd00000)]
  0x000001d3cc858f00 JavaThread "SCR Component Registry" daemon [_thread_blocked, id=3416, stack(0x000000ce6de00000,0x000000ce6df00000)]
  0x000001d3cc301030 JavaThread "Worker-JM" [_thread_blocked, id=14800, stack(0x000000ce6df00000,0x000000ce6e000000)]
  0x000001d3cc7d1ae0 JavaThread "Worker-0" [_thread_blocked, id=20256, stack(0x000000ce6e000000,0x000000ce6e100000)]
  0x000001d3cc7d0c70 JavaThread "Worker-1" [_thread_blocked, id=6864, stack(0x000000ce6e100000,0x000000ce6e200000)]

Other Threads:
  0x000001d3cb140c20 VMThread "VM Thread" [stack: 0x000000ce6c600000,0x000000ce6c700000] [id=1476]
  0x000001d3cb4536e0 WatcherThread [stack: 0x000000ce6d200000,0x000000ce6d300000] [id=3692]
  0x000001d3b5832d60 GCTaskThread "GC Thread#0" [stack: 0x000000ce6c500000,0x000000ce6c600000] [id=17488]
  0x000001d3cc5183f0 GCTaskThread "GC Thread#1" [stack: 0x000000ce6d300000,0x000000ce6d400000] [id=11224]
  0x000001d3cc5186a0 GCTaskThread "GC Thread#2" [stack: 0x000000ce6d400000,0x000000ce6d500000] [id=17796]
  0x000001d3cc518950 GCTaskThread "GC Thread#3" [stack: 0x000000ce6d500000,0x000000ce6d600000] [id=17268]
  0x000001d3cc518c00 GCTaskThread "GC Thread#4" [stack: 0x000000ce6d600000,0x000000ce6d700000] [id=11260]
  0x000001d3cc74d140 GCTaskThread "GC Thread#5" [stack: 0x000000ce6d700000,0x000000ce6d800000] [id=21260]
  0x000001d3cc67f230 GCTaskThread "GC Thread#6" [stack: 0x000000ce6d800000,0x000000ce6d900000] [id=9924]
  0x000001d3cd42b080 GCTaskThread "GC Thread#7" [stack: 0x000000ce6dd00000,0x000000ce6de00000] [id=17352]

Threads with active compile tasks:

VM state: not at safepoint (normal execution)

VM Mutex/Monitor currently owned by a thread:  ([mutex/lock_event])
[0x000001d3b5818220] Metaspace_lock - owner thread: 0x000001d3cc8b0b80

Heap address: 0x00000000c0000000, size: 1024 MB, Compressed Oops mode: 32-bit

CDS archive(s) not mapped
Compressed class space mapped at: 0x0000000100000000-0x0000000140000000, reserved size: 1073741824
Narrow klass base: 0x0000000000000000, Narrow klass shift: 3, Narrow klass range: 0x140000000

GC Precious Log:
 CPUs: 8 total, 8 available
 Memory: 7890M
 Large Page Support: Disabled
 NUMA Support: Disabled
 Compressed Oops: Enabled (32-bit)
 Alignments: Space 512K, Generation 512K, Heap 2M
 Heap Min Capacity: 100M
 Heap Initial Capacity: 100M
 Heap Max Capacity: 1G
 Pre-touch: Disabled
 Parallel Workers: 8

Heap:
 PSYoungGen      total 29696K, used 2039K [0x00000000eab00000, 0x00000000ecc00000, 0x0000000100000000)
  eden space 25600K, 7% used [0x00000000eab00000,0x00000000eacfdf68,0x00000000ec400000)
  from space 4096K, 0% used [0x00000000ec800000,0x00000000ec800000,0x00000000ecc00000)
  to   space 4096K, 0% used [0x00000000ec400000,0x00000000ec400000,0x00000000ec800000)
 ParOldGen       total 68608K, used 7012K [0x00000000c0000000, 0x00000000c4300000, 0x00000000eab00000)
  object space 68608K, 10% used [0x00000000c0000000,0x00000000c06d92c0,0x00000000c4300000)
 Metaspace       used 21230K, committed 21632K, reserved 1073152K
  class space    used 2163K, committed 2368K, reserved 1048576K

Card table byte_map: [0x000001d3b51c0000,0x000001d3b53d0000] _byte_map_base: 0x000001d3b4bc0000

Marking Bits: (ParMarkBitMap*) 0x00007ffd6b183e70
 Begin Bits: [0x000001d3c74a0000, 0x000001d3c84a0000)
 End Bits:   [0x000001d3c84a0000, 0x000001d3c94a0000)

Polling page: 0x000001d3b3780000

Metaspace:

Usage:
  Non-class:     18.62 MB used.
      Class:      2.11 MB used.
       Both:     20.73 MB used.

Virtual space:
  Non-class space:       24.00 MB reserved,      18.81 MB ( 78%) committed,  3 nodes.
      Class space:        1.00 GB reserved,       2.31 MB ( <1%) committed,  1 nodes.
             Both:        1.02 GB reserved,      21.12 MB (  2%) committed. 

Chunk freelists:
   Non-Class:  636.00 KB
       Class:  1.70 MB
        Both:  2.32 MB

MaxMetaspaceSize: unlimited
CompressedClassSpaceSize: 1.00 GB
Initial GC threshold: 21.00 MB
Current GC threshold: 35.00 MB
CDS: off
MetaspaceReclaimPolicy: balanced
 - commit_granule_bytes: 65536.
 - commit_granule_words: 8192.
 - virtual_space_node_default_size: 1048576.
 - enlarge_chunks_in_place: 1.
 - new_chunks_are_fully_committed: 0.
 - uncommit_free_chunks: 1.
 - use_allocation_guard: 0.
 - handle_deallocations: 1.


Internal statistics:

num_allocs_failed_limit: 3.
num_arena_births: 192.
num_arena_deaths: 14.
num_vsnodes_births: 4.
num_vsnodes_deaths: 0.
num_space_committed: 338.
num_space_uncommitted: 0.
num_chunks_returned_to_freelist: 17.
num_chunks_taken_from_freelist: 672.
num_chunk_merges: 4.
num_chunk_splits: 429.
num_chunks_enlarged: 302.
num_purges: 2.
num_inconsistent_stats: 0.

CodeHeap 'non-profiled nmethods': size=120000Kb used=775Kb max_used=775Kb free=119224Kb
 bounds [0x000001d3bff70000, 0x000001d3c01e0000, 0x000001d3c74a0000]
CodeHeap 'profiled nmethods': size=120000Kb used=4257Kb max_used=4257Kb free=115742Kb
 bounds [0x000001d3b84a0000, 0x000001d3b88d0000, 0x000001d3bf9d0000]
CodeHeap 'non-nmethods': size=5760Kb used=1200Kb max_used=1216Kb free=4559Kb
 bounds [0x000001d3bf9d0000, 0x000001d3bfc40000, 0x000001d3bff70000]
 total_blobs=2673 nmethods=2181 adapters=406
 compilation: enabled
              stopped_count=0, restarted_count=0
 full_count=0

Compilation events (20 events):
Event: 6.909 Thread 0x000001d3cb1806b0 nmethod 2169 0x000001d3b88bf290 code [0x000001d3b88bf460, 0x000001d3b88bf888]
Event: 6.948 Thread 0x000001d3cb1806b0 2172       3       java.lang.ref.Reference::enqueueFromPending (19 bytes)
Event: 6.948 Thread 0x000001d3cb1806b0 nmethod 2172 0x000001d3b88bfa90 code [0x000001d3b88bfc40, 0x000001d3b88bfe68]
Event: 6.948 Thread 0x000001d3cb1806b0 2173   !   3       java.lang.ref.ReferenceQueue::enqueue (119 bytes)
Event: 6.948 Thread 0x000001d3cb1806b0 nmethod 2173 0x000001d3b88bff10 code [0x000001d3b88c00e0, 0x000001d3b88c06c8]
Event: 6.957 Thread 0x000001d3cb1806b0 2174       3       java.lang.ref.ReferenceQueue::reallyPoll (65 bytes)
Event: 6.957 Thread 0x000001d3cb1806b0 nmethod 2174 0x000001d3b88c0890 code [0x000001d3b88c0a40, 0x000001d3b88c0e98]
Event: 6.957 Thread 0x000001d3cb1806b0 2175       3       java.lang.invoke.TypeConvertingMethodAdapter::convertType (299 bytes)
Event: 6.960 Thread 0x000001d3cb1806b0 nmethod 2175 0x000001d3b88c0f90 code [0x000001d3b88c15c0, 0x000001d3b88c4ac8]
Event: 6.960 Thread 0x000001d3cb1806b0 2176       3       java.lang.invoke.MethodType$ConcurrentWeakInternSet::expungeStaleElements (27 bytes)
Event: 6.961 Thread 0x000001d3cb1806b0 nmethod 2176 0x000001d3b88c5c90 code [0x000001d3b88c5e60, 0x000001d3b88c6338]
Event: 6.967 Thread 0x000001d3cb1806b0 2178       3       jdk.internal.misc.Unsafe::checkNativeAddress (28 bytes)
Event: 6.968 Thread 0x000001d3cb1806b0 nmethod 2178 0x000001d3b88c6510 code [0x000001d3b88c66a0, 0x000001d3b88c67b8]
Event: 6.976 Thread 0x000001d3cb1806b0 2180       1       org.eclipse.core.internal.dtree.AbstractDataTreeNode::isDelta (2 bytes)
Event: 6.976 Thread 0x000001d3cb1806b0 nmethod 2180 0x000001d3c0030a90 code [0x000001d3c0030c20, 0x000001d3c0030cf8]
Event: 6.982 Thread 0x000001d3cb1806b0 2181   !   3       org.eclipse.osgi.internal.loader.ModuleClassLoader::lockClassName (140 bytes)
Event: 6.983 Thread 0x000001d3cb1806b0 nmethod 2181 0x000001d3b88c6890 code [0x000001d3b88c6b60, 0x000001d3b88c7a78]
Event: 6.985 Thread 0x000001d3cb17f000 2182   !   4       java.util.zip.ZipFile$Source::checkAndAddEntry (209 bytes)
Event: 6.989 Thread 0x000001d3cb1806b0 2183       3       java.lang.ThreadLocal$ThreadLocalMap::nextIndex (15 bytes)
Event: 6.990 Thread 0x000001d3cb1806b0 nmethod 2183 0x000001d3b88c8310 code [0x000001d3b88c84a0, 0x000001d3b88c85d8]

GC Heap History (10 events):
Event: 0.896 GC heap before
{Heap before GC invocations=1 (full 0):
 PSYoungGen      total 29696K, used 25600K [0x00000000eab00000, 0x00000000ecc00000, 0x0000000100000000)
  eden space 25600K, 100% used [0x00000000eab00000,0x00000000ec400000,0x00000000ec400000)
  from space 4096K, 0% used [0x00000000ec800000,0x00000000ec800000,0x00000000ecc00000)
  to   space 4096K, 0% used [0x00000000ec400000,0x00000000ec400000,0x00000000ec800000)
 ParOldGen       total 68608K, used 0K [0x00000000c0000000, 0x00000000c4300000, 0x00000000eab00000)
  object space 68608K, 0% used [0x00000000c0000000,0x00000000c0000000,0x00000000c4300000)
 Metaspace       used 11086K, committed 11264K, reserved 1064960K
  class space    used 1103K, committed 1216K, reserved 1048576K
}
Event: 0.903 GC heap after
{Heap after GC invocations=1 (full 0):
 PSYoungGen      total 29696K, used 3240K [0x00000000eab00000, 0x00000000ecc00000, 0x0000000100000000)
  eden space 25600K, 0% used [0x00000000eab00000,0x00000000eab00000,0x00000000ec400000)
  from space 4096K, 79% used [0x00000000ec400000,0x00000000ec72a208,0x00000000ec800000)
  to   space 4096K, 0% used [0x00000000ec800000,0x00000000ec800000,0x00000000ecc00000)
 ParOldGen       total 68608K, used 16K [0x00000000c0000000, 0x00000000c4300000, 0x00000000eab00000)
  object space 68608K, 0% used [0x00000000c0000000,0x00000000c0004000,0x00000000c4300000)
 Metaspace       used 11086K, committed 11264K, reserved 1064960K
  class space    used 1103K, committed 1216K, reserved 1048576K
}
Event: 5.346 GC heap before
{Heap before GC invocations=2 (full 0):
 PSYoungGen      total 29696K, used 28840K [0x00000000eab00000, 0x00000000ecc00000, 0x0000000100000000)
  eden space 25600K, 100% used [0x00000000eab00000,0x00000000ec400000,0x00000000ec400000)
  from space 4096K, 79% used [0x00000000ec400000,0x00000000ec72a208,0x00000000ec800000)
  to   space 4096K, 0% used [0x00000000ec800000,0x00000000ec800000,0x00000000ecc00000)
 ParOldGen       total 68608K, used 16K [0x00000000c0000000, 0x00000000c4300000, 0x00000000eab00000)
  object space 68608K, 0% used [0x00000000c0000000,0x00000000c0004000,0x00000000c4300000)
 Metaspace       used 15341K, committed 15616K, reserved 1064960K
  class space    used 1564K, committed 1728K, reserved 1048576K
}
Event: 5.354 GC heap after
{Heap after GC invocations=2 (full 0):
 PSYoungGen      total 29696K, used 4087K [0x00000000eab00000, 0x00000000ecc00000, 0x0000000100000000)
  eden space 25600K, 0% used [0x00000000eab00000,0x00000000eab00000,0x00000000ec400000)
  from space 4096K, 99% used [0x00000000ec800000,0x00000000ecbfdee0,0x00000000ecc00000)
  to   space 4096K, 0% used [0x00000000ec400000,0x00000000ec400000,0x00000000ec800000)
 ParOldGen       total 68608K, used 808K [0x00000000c0000000, 0x00000000c4300000, 0x00000000eab00000)
  object space 68608K, 1% used [0x00000000c0000000,0x00000000c00ca200,0x00000000c4300000)
 Metaspace       used 15341K, committed 15616K, reserved 1064960K
  class space    used 1564K, committed 1728K, reserved 1048576K
}
Event: 6.774 GC heap before
{Heap before GC invocations=3 (full 0):
 PSYoungGen      total 29696K, used 29687K [0x00000000eab00000, 0x00000000ecc00000, 0x0000000100000000)
  eden space 25600K, 100% used [0x00000000eab00000,0x00000000ec400000,0x00000000ec400000)
  from space 4096K, 99% used [0x00000000ec800000,0x00000000ecbfdee0,0x00000000ecc00000)
  to   space 4096K, 0% used [0x00000000ec400000,0x00000000ec400000,0x00000000ec800000)
 ParOldGen       total 68608K, used 808K [0x00000000c0000000, 0x00000000c4300000, 0x00000000eab00000)
  object space 68608K, 1% used [0x00000000c0000000,0x00000000c00ca200,0x00000000c4300000)
 Metaspace       used 20462K, committed 20928K, reserved 1073152K
  class space    used 2075K, committed 2304K, reserved 1048576K
}
Event: 6.778 GC heap after
{Heap after GC invocations=3 (full 0):
 PSYoungGen      total 29696K, used 4079K [0x00000000eab00000, 0x00000000ecc00000, 0x0000000100000000)
  eden space 25600K, 0% used [0x00000000eab00000,0x00000000eab00000,0x00000000ec400000)
  from space 4096K, 99% used [0x00000000ec400000,0x00000000ec7fbcf8,0x00000000ec800000)
  to   space 4096K, 0% used [0x00000000ec800000,0x00000000ec800000,0x00000000ecc00000)
 ParOldGen       total 68608K, used 2942K [0x00000000c0000000, 0x00000000c4300000, 0x00000000eab00000)
  object space 68608K, 4% used [0x00000000c0000000,0x00000000c02df990,0x00000000c4300000)
 Metaspace       used 20462K, committed 20928K, reserved 1073152K
  class space    used 2075K, committed 2304K, reserved 1048576K
}
Event: 6.922 GC heap before
{Heap before GC invocations=4 (full 0):
 PSYoungGen      total 29696K, used 8086K [0x00000000eab00000, 0x00000000ecc00000, 0x0000000100000000)
  eden space 25600K, 15% used [0x00000000eab00000,0x00000000eaee9ba8,0x00000000ec400000)
  from space 4096K, 99% used [0x00000000ec400000,0x00000000ec7fbcf8,0x00000000ec800000)
  to   space 4096K, 0% used [0x00000000ec800000,0x00000000ec800000,0x00000000ecc00000)
 ParOldGen       total 68608K, used 2942K [0x00000000c0000000, 0x00000000c4300000, 0x00000000eab00000)
  object space 68608K, 4% used [0x00000000c0000000,0x00000000c02df990,0x00000000c4300000)
 Metaspace       used 21043K, committed 21504K, reserved 1073152K
  class space    used 2143K, committed 2368K, reserved 1048576K
}
Event: 6.925 GC heap after
{Heap after GC invocations=4 (full 0):
 PSYoungGen      total 29696K, used 4095K [0x00000000eab00000, 0x00000000ecc00000, 0x0000000100000000)
  eden space 25600K, 0% used [0x00000000eab00000,0x00000000eab00000,0x00000000ec400000)
  from space 4096K, 99% used [0x00000000ec800000,0x00000000ecbffce8,0x00000000ecc00000)
  to   space 4096K, 0% used [0x00000000ec400000,0x00000000ec400000,0x00000000ec800000)
 ParOldGen       total 68608K, used 3094K [0x00000000c0000000, 0x00000000c4300000, 0x00000000eab00000)
  object space 68608K, 4% used [0x00000000c0000000,0x00000000c0305990,0x00000000c4300000)
 Metaspace       used 21043K, committed 21504K, reserved 1073152K
  class space    used 2143K, committed 2368K, reserved 1048576K
}
Event: 6.925 GC heap before
{Heap before GC invocations=5 (full 1):
 PSYoungGen      total 29696K, used 4095K [0x00000000eab00000, 0x00000000ecc00000, 0x0000000100000000)
  eden space 25600K, 0% used [0x00000000eab00000,0x00000000eab00000,0x00000000ec400000)
  from space 4096K, 99% used [0x00000000ec800000,0x00000000ecbffce8,0x00000000ecc00000)
  to   space 4096K, 0% used [0x00000000ec400000,0x00000000ec400000,0x00000000ec800000)
 ParOldGen       total 68608K, used 3094K [0x00000000c0000000, 0x00000000c4300000, 0x00000000eab00000)
  object space 68608K, 4% used [0x00000000c0000000,0x00000000c0305990,0x00000000c4300000)
 Metaspace       used 21043K, committed 21504K, reserved 1073152K
  class space    used 2143K, committed 2368K, reserved 1048576K
}
Event: 6.948 GC heap after
{Heap after GC invocations=5 (full 1):
 PSYoungGen      total 29696K, used 0K [0x00000000eab00000, 0x00000000ecc00000, 0x0000000100000000)
  eden space 25600K, 0% used [0x00000000eab00000,0x00000000eab00000,0x00000000ec400000)
  from space 4096K, 0% used [0x00000000ec800000,0x00000000ec800000,0x00000000ecc00000)
  to   space 4096K, 0% used [0x00000000ec400000,0x00000000ec400000,0x00000000ec800000)
 ParOldGen       total 68608K, used 7012K [0x00000000c0000000, 0x00000000c4300000, 0x00000000eab00000)
  object space 68608K, 10% used [0x00000000c0000000,0x00000000c06d92c0,0x00000000c4300000)
 Metaspace       used 21030K, committed 21504K, reserved 1073152K
  class space    used 2139K, committed 2368K, reserved 1048576K
}

Dll operation events (9 events):
Event: 0.141 Loaded shared library c:\Users\COMPUTER\.vscode\extensions\redhat.java-1.16.0-win32-x64\jre\17.0.6-win32-x86_64\bin\java.dll
Event: 0.295 Loaded shared library c:\Users\COMPUTER\.vscode\extensions\redhat.java-1.16.0-win32-x64\jre\17.0.6-win32-x86_64\bin\zip.dll
Event: 0.299 Loaded shared library C:\Users\COMPUTER\.vscode\extensions\redhat.java-1.16.0-win32-x64\jre\17.0.6-win32-x86_64\bin\instrument.dll
Event: 0.334 Loaded shared library C:\Users\COMPUTER\.vscode\extensions\redhat.java-1.16.0-win32-x64\jre\17.0.6-win32-x86_64\bin\net.dll
Event: 0.358 Loaded shared library C:\Users\COMPUTER\.vscode\extensions\redhat.java-1.16.0-win32-x64\jre\17.0.6-win32-x86_64\bin\nio.dll
Event: 0.365 Loaded shared library C:\Users\COMPUTER\.vscode\extensions\redhat.java-1.16.0-win32-x64\jre\17.0.6-win32-x86_64\bin\zip.dll
Event: 0.374 Loaded shared library C:\Users\COMPUTER\.vscode\extensions\redhat.java-1.16.0-win32-x64\jre\17.0.6-win32-x86_64\bin\jimage.dll
Event: 0.425 Loaded shared library c:\Users\COMPUTER\.vscode\extensions\redhat.java-1.16.0-win32-x64\jre\17.0.6-win32-x86_64\bin\verify.dll
Event: 5.176 Loaded shared library C:\Users\COMPUTER\AppData\Roaming\Code\User\globalStorage\redhat.java\1.16.0\config_ss_win\org.eclipse.equinox.launcher\org.eclipse.equinox.launcher.win32.win32.x86_64_1.2.700.v20221108-1024\eclipse_11801.dll

Deoptimization events (20 events):
Event: 6.283 Thread 0x000001d3cc8b0b80 Uncommon trap: trap_request=0xffffff45 fr.pc=0x000001d3bff869b0 relative=0x0000000000000390
Event: 6.283 Thread 0x000001d3cc8b0b80 Uncommon trap: reason=unstable_if action=reinterpret pc=0x000001d3bff869b0 method=java.lang.StringLatin1.canEncode(I)Z @ 4 c2
Event: 6.283 Thread 0x000001d3cc8b0b80 DEOPT PACKING pc=0x000001d3bff869b0 sp=0x000000ce6dbf8aa0
Event: 6.283 Thread 0x000001d3cc8b0b80 DEOPT UNPACKING pc=0x000001d3bfa29ea3 sp=0x000000ce6dbf89c8 mode 2
Event: 6.283 Thread 0x000001d3cc8b0b80 Uncommon trap: trap_request=0xffffff45 fr.pc=0x000001d3bffc12dc relative=0x000000000000033c
Event: 6.283 Thread 0x000001d3cc8b0b80 Uncommon trap: reason=unstable_if action=reinterpret pc=0x000001d3bffc12dc method=java.lang.AbstractStringBuilder.isLatin1()Z @ 10 c2
Event: 6.283 Thread 0x000001d3cc8b0b80 DEOPT PACKING pc=0x000001d3bffc12dc sp=0x000000ce6dbf8ab0
Event: 6.283 Thread 0x000001d3cc8b0b80 DEOPT UNPACKING pc=0x000001d3bfa29ea3 sp=0x000000ce6dbf8a40 mode 2
Event: 6.283 Thread 0x000001d3cc8b0b80 Uncommon trap: trap_request=0xffffff45 fr.pc=0x000001d3bffe965c relative=0x000000000000005c
Event: 6.283 Thread 0x000001d3cc8b0b80 Uncommon trap: reason=unstable_if action=reinterpret pc=0x000001d3bffe965c method=java.lang.AbstractStringBuilder.isLatin1()Z @ 10 c2
Event: 6.283 Thread 0x000001d3cc8b0b80 DEOPT PACKING pc=0x000001d3bffe965c sp=0x000000ce6dbf8aa0
Event: 6.283 Thread 0x000001d3cc8b0b80 DEOPT UNPACKING pc=0x000001d3bfa29ea3 sp=0x000000ce6dbf8a30 mode 2
Event: 6.289 Thread 0x000001d3cc8b0b80 Uncommon trap: trap_request=0xffffff45 fr.pc=0x000001d3bff94b48 relative=0x0000000000000048
Event: 6.289 Thread 0x000001d3cc8b0b80 Uncommon trap: reason=unstable_if action=reinterpret pc=0x000001d3bff94b48 method=java.lang.CharacterData.of(I)Ljava/lang/CharacterData; @ 4 c2
Event: 6.289 Thread 0x000001d3cc8b0b80 DEOPT PACKING pc=0x000001d3bff94b48 sp=0x000000ce6dbf8270
Event: 6.289 Thread 0x000001d3cc8b0b80 DEOPT UNPACKING pc=0x000001d3bfa29ea3 sp=0x000000ce6dbf8208 mode 2
Event: 6.781 Thread 0x000001d3cc8b0b80 Uncommon trap: trap_request=0xffffff45 fr.pc=0x000001d3bffef6c0 relative=0x0000000000000040
Event: 6.781 Thread 0x000001d3cc8b0b80 Uncommon trap: reason=unstable_if action=reinterpret pc=0x000001d3bffef6c0 method=sun.nio.fs.WindowsPathParser.isSlash(C)Z @ 9 c2
Event: 6.781 Thread 0x000001d3cc8b0b80 DEOPT PACKING pc=0x000001d3bffef6c0 sp=0x000000ce6dbf9230
Event: 6.781 Thread 0x000001d3cc8b0b80 DEOPT UNPACKING pc=0x000001d3bfa29ea3 sp=0x000000ce6dbf91b8 mode 2

Classes unloaded (7 events):
Event: 6.930 Thread 0x000001d3cb140c20 Unloading class 0x0000000100212400 'java/lang/invoke/LambdaForm$MH+0x0000000100212400'
Event: 6.930 Thread 0x000001d3cb140c20 Unloading class 0x0000000100212000 'java/lang/invoke/LambdaForm$MH+0x0000000100212000'
Event: 6.930 Thread 0x000001d3cb140c20 Unloading class 0x0000000100211c00 'java/lang/invoke/LambdaForm$MH+0x0000000100211c00'
Event: 6.930 Thread 0x000001d3cb140c20 Unloading class 0x0000000100211800 'java/lang/invoke/LambdaForm$MH+0x0000000100211800'
Event: 6.930 Thread 0x000001d3cb140c20 Unloading class 0x0000000100211000 'java/lang/invoke/LambdaForm$BMH+0x0000000100211000'
Event: 6.930 Thread 0x000001d3cb140c20 Unloading class 0x0000000100210c00 'java/lang/invoke/LambdaForm$DMH+0x0000000100210c00'
Event: 6.930 Thread 0x000001d3cb140c20 Unloading class 0x000000010020e000 'java/lang/invoke/LambdaForm$DMH+0x000000010020e000'

Classes redefined (0 events):
No events

Internal exceptions (20 events):
Event: 6.452 Thread 0x000001d3cc8b0b80 Exception <a 'java/lang/NoSuchMethodError'{0x00000000ebdcce08}: 'void java.lang.invoke.DelegatingMethodHandle$Holder.delegate(java.lang.Object, java.lang.Object, int, java.lang.Object)'> (0x00000000ebdcce08) 
thrown [s\src\hotspot\share\interpreter\linkResolver.cpp, line 759]
Event: 6.452 Thread 0x000001d3cc8b0b80 Exception <a 'java/lang/NoSuchMethodError'{0x00000000ebdd11f0}: 'int java.lang.invoke.DirectMethodHandle$Holder.invokeSpecial(java.lang.Object, java.lang.Object, java.lang.Object)'> (0x00000000ebdd11f0) 
thrown [s\src\hotspot\share\interpreter\linkResolver.cpp, line 759]
Event: 6.454 Thread 0x000001d3cc8b0b80 Exception <a 'java/lang/NoSuchMethodError'{0x00000000ebde17e0}: 'int java.lang.invoke.DirectMethodHandle$Holder.invokeStatic(java.lang.Object, java.lang.Object, int)'> (0x00000000ebde17e0) 
thrown [s\src\hotspot\share\interpreter\linkResolver.cpp, line 759]
Event: 6.455 Thread 0x000001d3cc8b0b80 Exception <a 'java/lang/NoSuchMethodError'{0x00000000ebde5f10}: 'int java.lang.invoke.DirectMethodHandle$Holder.invokeSpecial(java.lang.Object, java.lang.Object, java.lang.Object, int)'> (0x00000000ebde5f10) 
thrown [s\src\hotspot\share\interpreter\linkResolver.cpp, line 759]
Event: 6.457 Thread 0x000001d3cc8b0b80 Exception <a 'java/lang/NoSuchMethodError'{0x00000000ebe00898}: 'java.lang.Object java.lang.invoke.DirectMethodHandle$Holder.invokeStatic(java.lang.Object, java.lang.Object, java.lang.Object, java.lang.Object, int)'> (0x00000000ebe00898) 
thrown [s\src\hotspot\share\interpreter\linkResolver.cpp, line 759]
Event: 6.458 Thread 0x000001d3cc8b0b80 Exception <a 'java/lang/NoSuchMethodError'{0x00000000ebe0c828}: 'java.lang.Object java.lang.invoke.DelegatingMethodHandle$Holder.reinvoke_L(java.lang.Object, java.lang.Object, java.lang.Object, java.lang.Object, int, int)'> (0x00000000ebe0c828) 
thrown [s\src\hotspot\share\interpreter\linkResolver.cpp, line 759]
Event: 6.460 Thread 0x000001d3cc8b0b80 Exception <a 'java/lang/NoSuchMethodError'{0x00000000ebe24780}: 'java.lang.Object java.lang.invoke.Invokers$Holder.invokeExact_MT(java.lang.Object, java.lang.Object, java.lang.Object, java.lang.Object)'> (0x00000000ebe24780) 
thrown [s\src\hotspot\share\interpreter\linkResolver.cpp, line 759]
Event: 6.705 Thread 0x000001d3cc8b0b80 Exception <a 'java/lang/NoSuchMethodError'{0x00000000ec262f70}: 'java.lang.Object java.lang.invoke.DirectMethodHandle$Holder.newInvokeSpecial(java.lang.Object, java.lang.Object, java.lang.Object, java.lang.Object, java.lang.Object)'> (0x00000000ec262f70) 
thrown [s\src\hotspot\share\interpreter\linkResolver.cpp, line 759]
Event: 6.881 Thread 0x000001d3cc8b0b80 Exception <a 'java/lang/NoSuchMethodError'{0x00000000eacee470}: 'java.lang.Object java.lang.invoke.DirectMethodHandle$Holder.invokeSpecial(java.lang.Object, java.lang.Object, java.lang.Object, long, java.lang.Object)'> (0x00000000eacee470) 
thrown [s\src\hotspot\share\interpreter\linkResolver.cpp, line 759]
Event: 6.882 Thread 0x000001d3cc8b0b80 Exception <a 'java/lang/NoSuchMethodError'{0x00000000eacf65a0}: 'java.lang.Object java.lang.invoke.DirectMethodHandle$Holder.newInvokeSpecial(java.lang.Object, java.lang.Object, java.lang.Object, long)'> (0x00000000eacf65a0) 
thrown [s\src\hotspot\share\interpreter\linkResolver.cpp, line 759]
Event: 6.882 Thread 0x000001d3cc8b0b80 Exception <a 'java/lang/NoSuchMethodError'{0x00000000eacfaab0}: 'java.lang.Object java.lang.invoke.DirectMethodHandle$Holder.invokeSpecial(java.lang.Object, java.lang.Object, java.lang.Object, java.lang.Object, long)'> (0x00000000eacfaab0) 
thrown [s\src\hotspot\share\interpreter\linkResolver.cpp, line 759]
Event: 6.891 Thread 0x000001d3cc8b0b80 Exception <a 'java/lang/NoSuchMethodError'{0x00000000ead4ca40}: 'int java.lang.invoke.DirectMethodHandle$Holder.invokeStaticInit(java.lang.Object, java.lang.Object, java.lang.Object)'> (0x00000000ead4ca40) 
thrown [s\src\hotspot\share\interpreter\linkResolver.cpp, line 759]
Event: 6.900 Thread 0x000001d3cc8b0b80 Exception <a 'java/lang/IncompatibleClassChangeError'{0x00000000eadd3e08}: Found class java.lang.Object, but interface was expected> (0x00000000eadd3e08) 
thrown [s\src\hotspot\share\interpreter\linkResolver.cpp, line 826]
Event: 6.905 Thread 0x000001d3cc8b0b80 Exception <a 'java/lang/NoSuchMethodError'{0x00000000eade62e0}: 'java.lang.Object java.lang.invoke.DirectMethodHandle$Holder.invokeSpecial(java.lang.Object, java.lang.Object, java.lang.Object, int, java.lang.Object, java.lang.Object)'> (0x00000000eade62e0) 
thrown [s\src\hotspot\share\interpreter\linkResolver.cpp, line 759]
Event: 6.906 Thread 0x000001d3cc8b0b80 Exception <a 'java/lang/NoSuchMethodError'{0x00000000eadee9d8}: 'java.lang.Object java.lang.invoke.DirectMethodHandle$Holder.newInvokeSpecial(java.lang.Object, java.lang.Object, java.lang.Object, int, java.lang.Object)'> (0x00000000eadee9d8) 
thrown [s\src\hotspot\share\interpreter\linkResolver.cpp, line 759]
Event: 6.906 Thread 0x000001d3cc8b0b80 Exception <a 'java/lang/NoSuchMethodError'{0x00000000eadf2e30}: 'java.lang.Object java.lang.invoke.DirectMethodHandle$Holder.invokeSpecial(java.lang.Object, java.lang.Object, java.lang.Object, java.lang.Object, int, java.lang.Object)'> (0x00000000eadf2e30) 
thrown [s\src\hotspot\share\interpreter\linkResolver.cpp, line 759]
Event: 6.908 Thread 0x000001d3cc7d1ae0 Exception <a 'java/lang/NoSuchMethodError'{0x00000000ead76718}: 'java.lang.Object java.lang.invoke.DirectMethodHandle$Holder.invokeSpecial(java.lang.Object, java.lang.Object, int, java.lang.Object, java.lang.Object)'> (0x00000000ead76718) 
thrown [s\src\hotspot\share\interpreter\linkResolver.cpp, line 759]
Event: 6.909 Thread 0x000001d3cc7d1ae0 Exception <a 'java/lang/NoSuchMethodError'{0x00000000ead7dd60}: 'java.lang.Object java.lang.invoke.DirectMethodHandle$Holder.newInvokeSpecial(java.lang.Object, java.lang.Object, int, java.lang.Object)'> (0x00000000ead7dd60) 
thrown [s\src\hotspot\share\interpreter\linkResolver.cpp, line 759]
Event: 6.910 Thread 0x000001d3cc7d1ae0 Exception <a 'java/lang/NoSuchMethodError'{0x00000000ead81870}: 'java.lang.Object java.lang.invoke.DirectMethodHandle$Holder.invokeSpecial(java.lang.Object, java.lang.Object, java.lang.Object, int, java.lang.Object)'> (0x00000000ead81870) 
thrown [s\src\hotspot\share\interpreter\linkResolver.cpp, line 759]
Event: 6.966 Thread 0x000001d3cc7d1ae0 Exception <a 'java/io/FileNotFoundException'{0x00000000eabc4440}> (0x00000000eabc4440) 
thrown [s\src\hotspot\share\prims\jni.cpp, line 516]

VM Operations (20 events):
Event: 5.188 Executing VM operation: HandshakeAllThreads
Event: 5.188 Executing VM operation: HandshakeAllThreads done
Event: 5.346 Executing VM operation: ParallelGCFailedAllocation
Event: 5.354 Executing VM operation: ParallelGCFailedAllocation done
Event: 6.200 Executing VM operation: HandshakeAllThreads
Event: 6.200 Executing VM operation: HandshakeAllThreads done
Event: 6.290 Executing VM operation: HandshakeAllThreads
Event: 6.290 Executing VM operation: HandshakeAllThreads done
Event: 6.294 Executing VM operation: HandshakeAllThreads
Event: 6.294 Executing VM operation: HandshakeAllThreads done
Event: 6.448 Executing VM operation: HandshakeAllThreads
Event: 6.448 Executing VM operation: HandshakeAllThreads done
Event: 6.448 Executing VM operation: Cleanup
Event: 6.449 Executing VM operation: Cleanup done
Event: 6.774 Executing VM operation: ParallelGCFailedAllocation
Event: 6.778 Executing VM operation: ParallelGCFailedAllocation done
Event: 6.922 Executing VM operation: CollectForMetadataAllocation
Event: 6.948 Executing VM operation: CollectForMetadataAllocation done
Event: 6.949 Executing VM operation: HandshakeAllThreads
Event: 6.949 Executing VM operation: HandshakeAllThreads done

Events (20 events):
Event: 6.916 loading class java/util/concurrent/ConcurrentSkipListMap
Event: 6.948 loading class java/util/concurrent/ConcurrentNavigableMap
Event: 6.948 loading class java/util/concurrent/ConcurrentNavigableMap done
Event: 6.948 loading class java/util/concurrent/ConcurrentSkipListMap done
Event: 6.950 loading class java/util/concurrent/ConcurrentSkipListMap$Index
Event: 6.950 loading class java/util/concurrent/ConcurrentSkipListMap$Index done
Event: 6.950 loading class java/util/concurrent/atomic/LongAdder
Event: 6.956 loading class java/util/concurrent/atomic/Striped64
Event: 6.956 loading class java/util/concurrent/atomic/Striped64 done
Event: 6.956 loading class java/util/concurrent/atomic/LongAdder done
Event: 6.956 loading class java/util/concurrent/ConcurrentSkipListMap$Node
Event: 6.956 loading class java/util/concurrent/ConcurrentSkipListMap$Node done
Event: 6.957 loading class java/util/concurrent/ThreadLocalRandom
Event: 6.958 loading class java/util/concurrent/ThreadLocalRandom done
Event: 6.958 loading class jdk/internal/util/random/RandomSupport
Event: 6.960 loading class jdk/internal/util/random/RandomSupport done
Event: 6.960 loading class java/util/concurrent/atomic/Striped64$1
Event: 6.960 loading class java/util/concurrent/atomic/Striped64$1 done
Event: 6.974 loading class java/net/Authenticator
Event: 6.975 loading class java/net/Authenticator done


Dynamic libraries:
0x00007ff795e50000 - 0x00007ff795e5e000 	c:\Users\COMPUTER\.vscode\extensions\redhat.java-1.16.0-win32-x64\jre\17.0.6-win32-x86_64\bin\java.exe
0x00007ffde1510000 - 0x00007ffde1724000 	C:\WINDOWS\SYSTEM32\ntdll.dll
0x00007ffde0400000 - 0x00007ffde04c3000 	C:\WINDOWS\System32\KERNEL32.DLL
0x00007ffddeb30000 - 0x00007ffddeecc000 	C:\WINDOWS\System32\KERNELBASE.dll
0x00007ffddf200000 - 0x00007ffddf311000 	C:\WINDOWS\System32\ucrtbase.dll
0x00007ffdd9ca0000 - 0x00007ffdd9cb9000 	c:\Users\COMPUTER\.vscode\extensions\redhat.java-1.16.0-win32-x64\jre\17.0.6-win32-x86_64\bin\VCRUNTIME140.dll
0x00007ffdd56b0000 - 0x00007ffdd56c7000 	c:\Users\COMPUTER\.vscode\extensions\redhat.java-1.16.0-win32-x64\jre\17.0.6-win32-x86_64\bin\jli.dll
0x00007ffde0e30000 - 0x00007ffde0fdd000 	C:\WINDOWS\System32\USER32.dll
0x00007ffdc5100000 - 0x00007ffdc538e000 	C:\WINDOWS\WinSxS\amd64_microsoft.windows.common-controls_6595b64144ccf1df_6.0.22621.608_none_a9444ca7c10bb01d\COMCTL32.dll
0x00007ffddeb00000 - 0x00007ffddeb26000 	C:\WINDOWS\System32\win32u.dll
0x00007ffddf470000 - 0x00007ffddf499000 	C:\WINDOWS\System32\GDI32.dll
0x00007ffde05d0000 - 0x00007ffde0677000 	C:\WINDOWS\System32\msvcrt.dll
0x00007ffddeed0000 - 0x00007ffddefe3000 	C:\WINDOWS\System32\gdi32full.dll
0x00007ffddf160000 - 0x00007ffddf1fa000 	C:\WINDOWS\System32\msvcp_win.dll
0x00007ffde1490000 - 0x00007ffde14c1000 	C:\WINDOWS\System32\IMM32.DLL
0x00007ffdd9d20000 - 0x00007ffdd9d2c000 	c:\Users\COMPUTER\.vscode\extensions\redhat.java-1.16.0-win32-x64\jre\17.0.6-win32-x86_64\bin\vcruntime140_1.dll
0x00007ffd74720000 - 0x00007ffd747b1000 	c:\Users\COMPUTER\.vscode\extensions\redhat.java-1.16.0-win32-x64\jre\17.0.6-win32-x86_64\bin\msvcp140.dll
0x00007ffd6a600000 - 0x00007ffd6b247000 	c:\Users\COMPUTER\.vscode\extensions\redhat.java-1.16.0-win32-x64\jre\17.0.6-win32-x86_64\bin\server\jvm.dll
0x00007ffde1050000 - 0x00007ffde10fe000 	C:\WINDOWS\System32\ADVAPI32.dll
0x00007ffde0350000 - 0x00007ffde03f4000 	C:\WINDOWS\System32\sechost.dll
0x00007ffddf4a0000 - 0x00007ffddf5b5000 	C:\WINDOWS\System32\RPCRT4.dll
0x00007ffdbb280000 - 0x00007ffdbb289000 	C:\WINDOWS\SYSTEM32\WSOCK32.dll
0x00007ffdd2ad0000 - 0x00007ffdd2b04000 	C:\WINDOWS\SYSTEM32\WINMM.dll
0x00007ffddf320000 - 0x00007ffddf391000 	C:\WINDOWS\System32\WS2_32.dll
0x00007ffdcb560000 - 0x00007ffdcb56a000 	C:\WINDOWS\SYSTEM32\VERSION.dll
0x00007ffddda90000 - 0x00007ffdddaa8000 	C:\WINDOWS\SYSTEM32\kernel.appcore.dll
0x00007ffdd76b0000 - 0x00007ffdd76ba000 	c:\Users\COMPUTER\.vscode\extensions\redhat.java-1.16.0-win32-x64\jre\17.0.6-win32-x86_64\bin\jimage.dll
0x00007ffddbdf0000 - 0x00007ffddc01e000 	C:\WINDOWS\SYSTEM32\DBGHELP.DLL
0x00007ffde1100000 - 0x00007ffde1489000 	C:\WINDOWS\System32\combase.dll
0x00007ffde0750000 - 0x00007ffde0827000 	C:\WINDOWS\System32\OLEAUT32.dll
0x00007ffdbac60000 - 0x00007ffdbac92000 	C:\WINDOWS\SYSTEM32\dbgcore.DLL
0x00007ffdde950000 - 0x00007ffdde9cb000 	C:\WINDOWS\System32\bcryptPrimitives.dll
0x00007ffdd56a0000 - 0x00007ffdd56ae000 	c:\Users\COMPUTER\.vscode\extensions\redhat.java-1.16.0-win32-x64\jre\17.0.6-win32-x86_64\bin\instrument.dll
0x00007ffdc7b00000 - 0x00007ffdc7b25000 	c:\Users\COMPUTER\.vscode\extensions\redhat.java-1.16.0-win32-x64\jre\17.0.6-win32-x86_64\bin\java.dll
0x00007ffdc7a10000 - 0x00007ffdc7a28000 	c:\Users\COMPUTER\.vscode\extensions\redhat.java-1.16.0-win32-x64\jre\17.0.6-win32-x86_64\bin\zip.dll
0x00007ffddf5c0000 - 0x00007ffddfdb0000 	C:\WINDOWS\System32\SHELL32.dll
0x00007ffddc930000 - 0x00007ffddd1fe000 	C:\WINDOWS\SYSTEM32\windows.storage.dll
0x00007ffddc7f0000 - 0x00007ffddc92e000 	C:\WINDOWS\SYSTEM32\wintypes.dll
0x00007ffde0d30000 - 0x00007ffde0e21000 	C:\WINDOWS\System32\SHCORE.dll
0x00007ffde0970000 - 0x00007ffde09ce000 	C:\WINDOWS\System32\shlwapi.dll
0x00007ffdde880000 - 0x00007ffdde8a1000 	C:\WINDOWS\SYSTEM32\profapi.dll
0x00007ffdc0660000 - 0x00007ffdc0679000 	C:\Users\COMPUTER\.vscode\extensions\redhat.java-1.16.0-win32-x64\jre\17.0.6-win32-x86_64\bin\net.dll
0x00007ffdd51e0000 - 0x00007ffdd530f000 	C:\WINDOWS\SYSTEM32\WINHTTP.dll
0x00007ffdddf00000 - 0x00007ffdddf69000 	C:\WINDOWS\system32\mswsock.dll
0x00007ffdbbef0000 - 0x00007ffdbbf05000 	C:\Users\COMPUTER\.vscode\extensions\redhat.java-1.16.0-win32-x64\jre\17.0.6-win32-x86_64\bin\nio.dll
0x00007ffdc8ea0000 - 0x00007ffdc8eb0000 	c:\Users\COMPUTER\.vscode\extensions\redhat.java-1.16.0-win32-x64\jre\17.0.6-win32-x86_64\bin\verify.dll
0x00007ffda7680000 - 0x00007ffda76be000 	C:\Users\COMPUTER\AppData\Roaming\Code\User\globalStorage\redhat.java\1.16.0\config_ss_win\org.eclipse.equinox.launcher\org.eclipse.equinox.launcher.win32.win32.x86_64_1.2.700.v20221108-1024\eclipse_11801.dll
0x00007ffde09d0000 - 0x00007ffde0b6c000 	C:\WINDOWS\System32\ole32.dll

dbghelp: loaded successfully - version: 4.0.5 - missing functions: none
symbol engine: initialized successfully - sym options: 0x614 - pdb path: .;c:\Users\COMPUTER\.vscode\extensions\redhat.java-1.16.0-win32-x64\jre\17.0.6-win32-x86_64\bin;C:\WINDOWS\SYSTEM32;C:\WINDOWS\WinSxS\amd64_microsoft.windows.common-controls_6595b64144ccf1df_6.0.22621.608_none_a9444ca7c10bb01d;c:\Users\COMPUTER\.vscode\extensions\redhat.java-1.16.0-win32-x64\jre\17.0.6-win32-x86_64\bin\server;C:\Users\COMPUTER\AppData\Roaming\Code\User\globalStorage\redhat.java\1.16.0\config_ss_win\org.eclipse.equinox.launcher\org.eclipse.equinox.launcher.win32.win32.x86_64_1.2.700.v20221108-1024

VM Arguments:
jvm_args: --add-modules=ALL-SYSTEM --add-opens=java.base/java.util=ALL-UNNAMED --add-opens=java.base/java.lang=ALL-UNNAMED --add-opens=java.base/sun.nio.fs=ALL-UNNAMED -Declipse.application=org.eclipse.jdt.ls.core.id1 -Dosgi.bundles.defaultStartLevel=4 -Declipse.product=org.eclipse.jdt.ls.core.product -Djava.import.generatesMetadataFilesAtProjectRoot=false -Dfile.encoding=utf8 -XX:+UseParallelGC -XX:GCTimeRatio=4 -XX:AdaptiveSizePolicyWeight=90 -Dsun.zip.disableMemoryMapping=true -Xmx1G -Xms100m -Xlog:disable -javaagent:c:\Users\COMPUTER\.vscode\extensions\redhat.java-1.16.0-win32-x64\lombok\lombok-1.18.24.jar 
java_command: c:\Users\COMPUTER\.vscode\extensions\redhat.java-1.16.0-win32-x64\server\plugins\org.eclipse.equinox.launcher_1.6.400.v20210924-0641.jar -configuration c:\Users\COMPUTER\AppData\Roaming\Code\User\globalStorage\redhat.java\1.16.0\config_ss_win -data c:\Users\COMPUTER\AppData\Roaming\Code\User\workspaceStorage\e4d05500d29153e08afaec927363cd10\redhat.java\ss_ws
java_class_path (initial): c:\Users\COMPUTER\.vscode\extensions\redhat.java-1.16.0-win32-x64\server\plugins\org.eclipse.equinox.launcher_1.6.400.v20210924-0641.jar
Launcher Type: SUN_STANDARD

[Global flags]
    uintx AdaptiveSizePolicyWeight                 = 90                                        {product} {command line}
     intx CICompilerCount                          = 4                                         {product} {ergonomic}
    uintx GCTimeRatio                              = 4                                         {product} {command line}
   size_t InitialHeapSize                          = 104857600                                 {product} {command line}
   size_t MaxHeapSize                              = 1073741824                                {product} {command line}
   size_t MaxNewSize                               = 357564416                                 {product} {ergonomic}
   size_t MinHeapDeltaBytes                        = 524288                                    {product} {ergonomic}
   size_t MinHeapSize                              = 104857600                                 {product} {command line}
   size_t NewSize                                  = 34603008                                  {product} {ergonomic}
    uintx NonNMethodCodeHeapSize                   = 5839372                                {pd product} {ergonomic}
    uintx NonProfiledCodeHeapSize                  = 122909434                              {pd product} {ergonomic}
   size_t OldSize                                  = 70254592                                  {product} {ergonomic}
    uintx ProfiledCodeHeapSize                     = 122909434                              {pd product} {ergonomic}
    uintx ReservedCodeCacheSize                    = 251658240                              {pd product} {ergonomic}
     bool SegmentedCodeCache                       = true                                      {product} {ergonomic}
   size_t SoftMaxHeapSize                          = 1073741824                             {manageable} {ergonomic}
     bool UseCompressedClassPointers               = true                           {product lp64_product} {ergonomic}
     bool UseCompressedOops                        = true                           {product lp64_product} {ergonomic}
     bool UseLargePagesIndividualAllocation        = false                                  {pd product} {ergonomic}
     bool UseParallelGC                            = true                                      {product} {command line}

Logging:
Log output configuration:
 #0: stdout all=off uptime,level,tags
 #1: stderr all=off uptime,level,tags

Environment Variables:
PATH=C:\Program Files (x86)\VMware\VMware Workstation\bin\;C:\Program Files\Common Files\Oracle\Java\javapath;C:\Windows\system32;C:\Windows;C:\Windows\System32\Wbem;C:\Windows\System32\WindowsPowerShell\v1.0\;C:\Windows\System32\OpenSSH\;C:\Program Files (x86)\NVIDIA Corporation\PhysX\Common;C:\Program Files\Microsoft SQL Server\130\Tools\Binn\;C:\Program Files\Microsoft SQL Server\Client SDK\ODBC\170\Tools\Binn\;C:\Program Files\dotnet\;C:\WINDOWS\system32;C:\WINDOWS;C:\WINDOWS\System32\Wbem;C:\WINDOWS\System32\WindowsPowerShell\v1.0\;C:\WINDOWS\System32\OpenSSH\;C:\Program Files\NVIDIA Corporation\NVIDIA NvDLISR;C:\Program Files\Git\cmd;C:\Program Files\nodejs\;C:\Program Files\Docker\Docker\resources\bin;C:\WINDOWS\system32;C:\WINDOWS;C:\WINDOWS\System32\Wbem;C:\WINDOWS\System32\WindowsPowerShell\v1.0\;C:\WINDOWS\System32\OpenSSH\;C:\Users\COMPUTER\AppData\Local\Programs\Python\Python310\Scripts\;C:\Users\COMPUTER\AppData\Local\Programs\Python\Python310\;C:\Users\COMPUTER\AppData\Local\Microsoft\WindowsApps;C:\Users\COMPUTER\AppData\Local\Programs\Microsoft VS Code\bin;C:\Users\COMPUTER\.dotnet\tools;C:\Program Files\JetBrains\PyCharm Community Edition 2021.3\bin;;C:\IntelliJ IDEA Community Edition 2022.1.2\bin;;C:\Users\COMPUTER\AppData\Local\GitHubDesktop\bin;C:\Users\COMPUTER\AppData\Roaming\npm;
USERNAME=COMPUTER
OS=Windows_NT
PROCESSOR_IDENTIFIER=Intel64 Family 6 Model 140 Stepping 1, GenuineIntel
TMP=C:\Users\COMPUTER\AppData\Local\Temp
TEMP=C:\Users\COMPUTER\AppData\Local\Temp



---------------  S Y S T E M  ---------------

OS:
 Windows 11 , 64 bit Build 22621 (10.0.22621.1344)
OS uptime: 0 days 5:01 hours
Hyper-V role detected

CPU: total 8 (initial active 8) (4 cores per cpu, 2 threads per core) family 6 model 140 stepping 1 microcode 0x86, cx8, cmov, fxsr, ht, mmx, 3dnowpref, sse, sse2, sse3, ssse3, sse4.1, sse4.2, popcnt, lzcnt, tsc, tscinvbit, avx, avx2, aes, erms, clmul, bmi1, bmi2, adx, avx512f, avx512dq, avx512cd, avx512bw, avx512vl, sha, fma, vzeroupper, avx512_vpopcntdq, avx512_vpclmulqdq, avx512_vaes, avx512_vnni, clflush, clflushopt, clwb, avx512_vbmi2, avx512_vbmi, hv

Memory: 4k page, system-wide physical 7890M (195M free)
TotalPageFile size 14256M (AvailPageFile size 210M)
current process WorkingSet (physical memory assigned to process): 107M, peak: 107M
current process commit charge ("private bytes"): 215M, peak: 215M

vm_info: OpenJDK 64-Bit Server VM (17.0.6+10) for windows-amd64 JRE (17.0.6+10), built on Jan 18 2023 10:08:59 by "temurin" with MS VC++ 16.7 (VS2019)

END.
