#
# There is insufficient memory for the Java Runtime Environment to continue.
# Native memory allocation (malloc) failed to allocate 2097152 bytes for AllocateHeap
# Possible reasons:
#   The system is out of physical RAM or swap space
#   The process is running with CompressedOops enabled, and the Java Heap may be blocking the growth of the native heap
# Possible solutions:
#   Reduce memory load on the system
#   Increase physical memory or swap space
#   Check if swap backing store is full
#   Decrease Java heap size (-Xmx/-Xms)
#   Decrease number of Java threads
#   Decrease Java thread stack sizes (-Xss)
#   Set larger code cache with -XX:ReservedCodeCacheSize=
#   JVM is running with Unscaled Compressed Oops mode in which the Java heap is
#     placed in the first 4GB address space. The Java Heap base address is the
#     maximum limit for the native heap growth. Please use -XX:HeapBaseMinAddress
#     to set the Java Heap base and to place the Java Heap above 4GB virtual address.
# This output file may be truncated or incomplete.
#
#  Out of Memory Error (allocation.cpp:44), pid=14492, tid=28516
#
# JRE version: OpenJDK Runtime Environment Temurin-17.0.6+10 (17.0.6+10) (build 17.0.6+10)
# Java VM: OpenJDK 64-Bit Server VM Temurin-17.0.6+10 (17.0.6+10, mixed mode, emulated-client, tiered, compressed oops, compressed class ptrs, g1 gc, windows-amd64)
# No core dump will be written. Minidumps are not enabled by default on client versions of Windows
#

---------------  S U M M A R Y ------------

Command Line: -XX:+HeapDumpOnOutOfMemoryError -Xmx1024m -Dsts.lsp.client=vscode -Dsts.log.file=/dev/null -XX:TieredStopAtLevel=1 -Xlog:jni+resolve=off -Dspring.config.location=file:c:\Users\COMPUTER\.vscode\extensions\vmware.vscode-spring-boot-1.45.0\language-server\BOOT-INF\classes\application.properties org.springframework.ide.vscode.boot.app.BootLanguageServerBootApp

Host: 11th Gen Intel(R) Core(TM) i5-1135G7 @ 2.40GHz, 8 cores, 7G,  Windows 11 , 64 bit Build 22621 (10.0.22621.1344)
Time: Mon Mar 20 10:19:57 2023 SE Asia Standard Time elapsed time: 7320.150559 seconds (0d 2h 2m 0s)

---------------  T H R E A D  ---------------

Current thread (0x000001fb061b1ea0):  VMThread "VM Thread" [stack: 0x000000d1b4100000,0x000000d1b4200000] [id=28516]

Stack: [0x000000d1b4100000,0x000000d1b4200000]
Native frames: (J=compiled Java code, j=interpreted, Vv=VM code, C=native code)
V  [jvm.dll+0x67741a]
V  [jvm.dll+0x834434]
V  [jvm.dll+0x835bde]
V  [jvm.dll+0x836243]
V  [jvm.dll+0x2457b5]
V  [jvm.dll+0xa626f]
V  [jvm.dll+0x2f5b61]
V  [jvm.dll+0x2f17e0]
V  [jvm.dll+0x2d9ee7]
V  [jvm.dll+0x31ce67]
V  [jvm.dll+0x83a6eb]
V  [jvm.dll+0x83b424]
V  [jvm.dll+0x83b93c]
V  [jvm.dll+0x83bd14]
V  [jvm.dll+0x83bde0]
V  [jvm.dll+0x7e483a]
V  [jvm.dll+0x6762c5]
C  [ucrtbase.dll+0x29363]
C  [KERNEL32.DLL+0x126bd]
C  [ntdll.dll+0x5a9f8]

VM_Operation (0x000000d1b5afef60): G1CollectFull, mode: safepoint, requested by thread 0x000001fb08bdd930


---------------  P R O C E S S  ---------------

Threads class SMR info:
_java_thread_list=0x000001fb0a9c4960, length=28, elements={
0x000001fb061b55f0, 0x000001fb061b7fb0, 0x000001fb061f3f70, 0x000001fb061f4830,
0x000001fb06c08460, 0x000001fb06c08d20, 0x000001fb06c095e0, 0x000001fb06c0c2f0,
0x000001fb06e193a0, 0x000001fb06e26b30, 0x000001fb088fddb0, 0x000001fb08bdd460,
0x000001fb08bdd930, 0x000001fb08c97050, 0x000001fb793364d0, 0x000001fb08cd0020,
0x000001fb08cff2b0, 0x000001fb08c8fbb0, 0x000001fb08f0bb10, 0x000001fb08f077b0,
0x000001fb08f07c80, 0x000001fb08c90080, 0x000001fb08c8e870, 0x000001fb08c90a20,
0x000001fb08c8f6e0, 0x000001fb08c90550, 0x000001fb08f06e10, 0x000001fb08f09960
}

Java Threads: ( => current thread )
  0x000001fb061b55f0 JavaThread "Reference Handler" daemon [_thread_blocked, id=18280, stack(0x000000d1b4200000,0x000000d1b4300000)]
  0x000001fb061b7fb0 JavaThread "Finalizer" daemon [_thread_blocked, id=23868, stack(0x000000d1b4300000,0x000000d1b4400000)]
  0x000001fb061f3f70 JavaThread "Signal Dispatcher" daemon [_thread_blocked, id=23292, stack(0x000000d1b4400000,0x000000d1b4500000)]
  0x000001fb061f4830 JavaThread "Attach Listener" daemon [_thread_blocked, id=2200, stack(0x000000d1b4500000,0x000000d1b4600000)]
  0x000001fb06c08460 JavaThread "Service Thread" daemon [_thread_blocked, id=22156, stack(0x000000d1b4600000,0x000000d1b4700000)]
  0x000001fb06c08d20 JavaThread "Monitor Deflation Thread" daemon [_thread_blocked, id=14316, stack(0x000000d1b4700000,0x000000d1b4800000)]
  0x000001fb06c095e0 JavaThread "C1 CompilerThread0" daemon [_thread_blocked, id=18268, stack(0x000000d1b4800000,0x000000d1b4900000)]
  0x000001fb06c0c2f0 JavaThread "Sweeper thread" daemon [_thread_blocked, id=13540, stack(0x000000d1b4900000,0x000000d1b4a00000)]
  0x000001fb06e193a0 JavaThread "Notification Thread" daemon [_thread_blocked, id=21540, stack(0x000000d1b4a00000,0x000000d1b4b00000)]
  0x000001fb06e26b30 JavaThread "Common-Cleaner" daemon [_thread_blocked, id=19188, stack(0x000000d1b4c00000,0x000000d1b4d00000)]
  0x000001fb088fddb0 JavaThread "boundedElastic-evictor-1" daemon [_thread_blocked, id=29096, stack(0x000000d1b5800000,0x000000d1b5900000)]
  0x000001fb08bdd460 JavaThread "boundedElastic-evictor-2" daemon [_thread_blocked, id=16968, stack(0x000000d1b5900000,0x000000d1b5a00000)]
  0x000001fb08bdd930 JavaThread "pool-10-thread-1" [_thread_blocked, id=3056, stack(0x000000d1b5a00000,0x000000d1b5b00000)]
  0x000001fb08c97050 JavaThread "LanguageServerApp-lifecycle" [_thread_blocked, id=27188, stack(0x000000d1b5b00000,0x000000d1b5c00000)]
  0x000001fb793364d0 JavaThread "DestroyJavaVM" [_thread_blocked, id=26908, stack(0x000000d1b3b00000,0x000000d1b3c00000)]
  0x000001fb08cd0020 JavaThread "pool-11-thread-1" [_thread_in_native, id=14488, stack(0x000000d1b5c00000,0x000000d1b5d00000)]
  0x000001fb08cff2b0 JavaThread "Simple-Language-Server main thread" daemon [_thread_blocked, id=9328, stack(0x000000d1b5d00000,0x000000d1b5e00000)]
  0x000001fb08c8fbb0 JavaThread "pool-6-thread-1" [_thread_blocked, id=17344, stack(0x000000d1b6100000,0x000000d1b6200000)]
  0x000001fb08f0bb10 JavaThread "parallel-1" daemon [_thread_blocked, id=28888, stack(0x000000d1b7100000,0x000000d1b7200000)]
  0x000001fb08f077b0 JavaThread "pool-4-thread-1" [_thread_blocked, id=7512, stack(0x000000d1b7700000,0x000000d1b7800000)]
  0x000001fb08f07c80 JavaThread "parallel-2" daemon [_thread_blocked, id=24828, stack(0x000000d1b7800000,0x000000d1b7900000)]
  0x000001fb08c90080 JavaThread "parallel-3" daemon [_thread_blocked, id=15132, stack(0x000000d1b6400000,0x000000d1b6500000)]
  0x000001fb08c8e870 JavaThread "parallel-4" daemon [_thread_blocked, id=27340, stack(0x000000d1b6500000,0x000000d1b6600000)]
  0x000001fb08c90a20 JavaThread "Reconciler-1" daemon [_thread_blocked, id=28612, stack(0x000000d1b6700000,0x000000d1b6800000)]
  0x000001fb08c8f6e0 JavaThread "parallel-5" daemon [_thread_blocked, id=25892, stack(0x000000d1b5700000,0x000000d1b5800000)]
  0x000001fb08c90550 JavaThread "parallel-6" daemon [_thread_blocked, id=28544, stack(0x000000d1b4d00000,0x000000d1b4e00000)]
  0x000001fb08f06e10 JavaThread "parallel-7" daemon [_thread_blocked, id=10012, stack(0x000000d1b6800000,0x000000d1b6900000)]
  0x000001fb08f09960 JavaThread "parallel-8" daemon [_thread_blocked, id=28860, stack(0x000000d1b3800000,0x000000d1b3900000)]

Other Threads:
=>0x000001fb061b1ea0 VMThread "VM Thread" [stack: 0x000000d1b4100000,0x000000d1b4200000] [id=28516]
  0x000001fb79383e40 WatcherThread [stack: 0x000000d1b4b00000,0x000000d1b4c00000] [id=29388]
  0x000001fb79374520 GCTaskThread "GC Thread#0" [stack: 0x000000d1b3c00000,0x000000d1b3d00000] [id=28852]
  0x000001fb0779c290 GCTaskThread "GC Thread#1" [stack: 0x000000d1b4e00000,0x000000d1b4f00000] [id=7784]
  0x000001fb06d9e170 GCTaskThread "GC Thread#2" [stack: 0x000000d1b4f00000,0x000000d1b5000000] [id=11780]
  0x000001fb077fec80 GCTaskThread "GC Thread#3" [stack: 0x000000d1b5000000,0x000000d1b5100000] [id=23240]
  0x000001fb0844e520 GCTaskThread "GC Thread#4" [stack: 0x000000d1b5100000,0x000000d1b5200000] [id=18836]
  0x000001fb08681f10 GCTaskThread "GC Thread#5" [stack: 0x000000d1b5200000,0x000000d1b5300000] [id=23984]
  0x000001fb086821c0 GCTaskThread "GC Thread#6" [stack: 0x000000d1b5300000,0x000000d1b5400000] [id=23040]
  0x000001fb08682a80 GCTaskThread "GC Thread#7" [stack: 0x000000d1b5400000,0x000000d1b5500000] [id=18348]
  0x000001fb7937dad0 ConcurrentGCThread "G1 Main Marker" [stack: 0x000000d1b3d00000,0x000000d1b3e00000] [id=17580]
  0x000001fb7937e3e0 ConcurrentGCThread "G1 Conc#0" [stack: 0x000000d1b3e00000,0x000000d1b3f00000] [id=18276]
  0x000001fb088ced20 ConcurrentGCThread "G1 Conc#1" [stack: 0x000000d1b5600000,0x000000d1b5700000] [id=8020]
  0x000001fb06010090 ConcurrentGCThread "G1 Refine#0" [stack: 0x000000d1b3f00000,0x000000d1b4000000] [id=27448]
  0x000001fb093cecf0 ConcurrentGCThread "G1 Refine#1" [stack: 0x000000d1b7500000,0x000000d1b7600000] [id=17632]
  0x000001fb0abba030 ConcurrentGCThread "G1 Refine#2" [stack: 0x000000d1b7600000,0x000000d1b7700000] [id=22188]
  0x000001fb09286630 ConcurrentGCThread "G1 Refine#3" [stack: 0x000000d1b7e00000,0x000000d1b7f00000] [id=28988]
  0x000001fb09286070 ConcurrentGCThread "G1 Refine#4" [stack: 0x000000d1b7f00000,0x000000d1b8000000] [id=1624]
  0x000001fb0b406250 ConcurrentGCThread "G1 Refine#5" [stack: 0x000000d1b8000000,0x000000d1b8100000] [id=26132]
  0x000001fb0b407950 ConcurrentGCThread "G1 Refine#6" [stack: 0x000000d1b8400000,0x000000d1b8500000] [id=18232]
  0x000001fb0b405110 ConcurrentGCThread "G1 Refine#7" [stack: 0x000000d1b6300000,0x000000d1b6400000] [id=27808]
  0x000001fb060109b0 ConcurrentGCThread "G1 Service" [stack: 0x000000d1b4000000,0x000000d1b4100000] [id=27956]

Threads with active compile tasks:

VM state: at safepoint (normal execution)

VM Mutex/Monitor currently owned by a thread:  ([mutex/lock_event])
[0x000001fb7914a310] Threads_lock - owner thread: 0x000001fb061b1ea0
[0x000001fb7920c880] Heap_lock - owner thread: 0x000001fb08bdd930

Heap address: 0x00000000c0000000, size: 1024 MB, Compressed Oops mode: 32-bit

CDS archive(s) not mapped
Compressed class space mapped at: 0x0000000100000000-0x0000000140000000, reserved size: 1073741824
Narrow klass base: 0x0000000000000000, Narrow klass shift: 3, Narrow klass range: 0x140000000

GC Precious Log:
 CPUs: 8 total, 8 available
 Memory: 7890M
 Large Page Support: Disabled
 NUMA Support: Disabled
 Compressed Oops: Enabled (32-bit)
 Heap Region Size: 1M
 Heap Min Capacity: 8M
 Heap Initial Capacity: 124M
 Heap Max Capacity: 1G
 Pre-touch: Disabled
 Parallel Workers: 8
 Concurrent Workers: 2
 Concurrent Refinement Workers: 8
 Periodic GC: Disabled

Heap:
 garbage-first heap   total 280576K, used 84180K [0x00000000c0000000, 0x0000000100000000)
  region size 1024K, 1 young (1024K), 0 survivors (0K)
 Metaspace       used 71640K, committed 72448K, reserved 1114112K
  class space    used 9795K, committed 10112K, reserved 1048576K

Heap Regions: E=young(eden), S=young(survivor), O=old, HS=humongous(starts), HC=humongous(continues), CS=collection set, F=free, OA=open archive, CA=closed archive, TAMS=top-at-mark-start (previous, next)
|   0|0x00000000c0000000, 0x00000000c0100000, 0x00000000c0100000|100%| O|  |TAMS 0x00000000c0100000, 0x00000000c0000000| Untracked 
|   1|0x00000000c0100000, 0x00000000c01ffff8, 0x00000000c0200000| 99%| O|  |TAMS 0x00000000c01ffff8, 0x00000000c0100000| Untracked 
|   2|0x00000000c0200000, 0x00000000c0300000, 0x00000000c0300000|100%| O|  |TAMS 0x00000000c0300000, 0x00000000c0200000| Untracked 
|   3|0x00000000c0300000, 0x00000000c0400000, 0x00000000c0400000|100%| O|  |TAMS 0x00000000c0400000, 0x00000000c0300000| Untracked 
|   4|0x00000000c0400000, 0x00000000c04fffe8, 0x00000000c0500000| 99%| O|  |TAMS 0x00000000c04fffe8, 0x00000000c0400000| Untracked 
|   5|0x00000000c0500000, 0x00000000c0600000, 0x00000000c0600000|100%| O|  |TAMS 0x00000000c0600000, 0x00000000c0500000| Untracked 
|   6|0x00000000c0600000, 0x00000000c06fffa8, 0x00000000c0700000| 99%| O|  |TAMS 0x00000000c06fffa8, 0x00000000c0600000| Untracked 
|   7|0x00000000c0700000, 0x00000000c07fffe8, 0x00000000c0800000| 99%| O|  |TAMS 0x00000000c07fffe8, 0x00000000c0700000| Untracked 
|   8|0x00000000c0800000, 0x00000000c08fffb0, 0x00000000c0900000| 99%| O|  |TAMS 0x00000000c08fffb0, 0x00000000c0800000| Untracked 
|   9|0x00000000c0900000, 0x00000000c09fffe8, 0x00000000c0a00000| 99%| O|  |TAMS 0x00000000c09fffe8, 0x00000000c0900000| Untracked 
|  10|0x00000000c0a00000, 0x00000000c0affff8, 0x00000000c0b00000| 99%| O|  |TAMS 0x00000000c0affff8, 0x00000000c0a00000| Untracked 
|  11|0x00000000c0b00000, 0x00000000c0c00000, 0x00000000c0c00000|100%| O|  |TAMS 0x00000000c0c00000, 0x00000000c0b00000| Untracked 
|  12|0x00000000c0c00000, 0x00000000c0d00000, 0x00000000c0d00000|100%| O|  |TAMS 0x00000000c0d00000, 0x00000000c0c00000| Untracked 
|  13|0x00000000c0d00000, 0x00000000c0dfffe8, 0x00000000c0e00000| 99%| O|  |TAMS 0x00000000c0dfffe8, 0x00000000c0d00000| Untracked 
|  14|0x00000000c0e00000, 0x00000000c0efffd8, 0x00000000c0f00000| 99%| O|  |TAMS 0x00000000c0efffd8, 0x00000000c0e00000| Untracked 
|  15|0x00000000c0f00000, 0x00000000c0ffd2b8, 0x00000000c1000000| 98%| O|  |TAMS 0x00000000c0ffd2b8, 0x00000000c0f00000| Untracked 
|  16|0x00000000c1000000, 0x00000000c10ffff0, 0x00000000c1100000| 99%| O|  |TAMS 0x00000000c10ffff0, 0x00000000c1000000| Untracked 
|  17|0x00000000c1100000, 0x00000000c11fffe8, 0x00000000c1200000| 99%| O|  |TAMS 0x00000000c11fffe8, 0x00000000c1100000| Untracked 
|  18|0x00000000c1200000, 0x00000000c12fffe8, 0x00000000c1300000| 99%| O|  |TAMS 0x00000000c12fffe8, 0x00000000c1200000| Untracked 
|  19|0x00000000c1300000, 0x00000000c1400000, 0x00000000c1400000|100%| O|  |TAMS 0x00000000c1400000, 0x00000000c1300000| Untracked 
|  20|0x00000000c1400000, 0x00000000c14ffff8, 0x00000000c1500000| 99%| O|  |TAMS 0x00000000c14ffff8, 0x00000000c1400000| Untracked 
|  21|0x00000000c1500000, 0x00000000c1600000, 0x00000000c1600000|100%| O|  |TAMS 0x00000000c1600000, 0x00000000c1500000| Untracked 
|  22|0x00000000c1600000, 0x00000000c16ffff0, 0x00000000c1700000| 99%| O|  |TAMS 0x00000000c16ffff0, 0x00000000c1600000| Untracked 
|  23|0x00000000c1700000, 0x00000000c17fffb8, 0x00000000c1800000| 99%| O|  |TAMS 0x00000000c17fffb8, 0x00000000c1700000| Untracked 
|  24|0x00000000c1800000, 0x00000000c18ffff8, 0x00000000c1900000| 99%| O|  |TAMS 0x00000000c18ffff8, 0x00000000c1800000| Untracked 
|  25|0x00000000c1900000, 0x00000000c19fffe8, 0x00000000c1a00000| 99%| O|  |TAMS 0x00000000c19fffe8, 0x00000000c1900000| Untracked 
|  26|0x00000000c1a00000, 0x00000000c1affff8, 0x00000000c1b00000| 99%| O|  |TAMS 0x00000000c1affff8, 0x00000000c1a00000| Untracked 
|  27|0x00000000c1b00000, 0x00000000c1bffff8, 0x00000000c1c00000| 99%| O|  |TAMS 0x00000000c1bffff8, 0x00000000c1b00000| Untracked 
|  28|0x00000000c1c00000, 0x00000000c1cfffc8, 0x00000000c1d00000| 99%| O|  |TAMS 0x00000000c1cfffc8, 0x00000000c1c00000| Untracked 
|  29|0x00000000c1d00000, 0x00000000c1dffff8, 0x00000000c1e00000| 99%| O|  |TAMS 0x00000000c1dffff8, 0x00000000c1d00000| Untracked 
|  30|0x00000000c1e00000, 0x00000000c1f00000, 0x00000000c1f00000|100%| O|  |TAMS 0x00000000c1f00000, 0x00000000c1e00000| Untracked 
|  31|0x00000000c1f00000, 0x00000000c2000000, 0x00000000c2000000|100%| O|  |TAMS 0x00000000c2000000, 0x00000000c1f00000| Untracked 
|  32|0x00000000c2000000, 0x00000000c20ffff0, 0x00000000c2100000| 99%| O|  |TAMS 0x00000000c20ffff0, 0x00000000c2000000| Untracked 
|  33|0x00000000c2100000, 0x00000000c21ffff0, 0x00000000c2200000| 99%| O|  |TAMS 0x00000000c21ffff0, 0x00000000c2100000| Untracked 
|  34|0x00000000c2200000, 0x00000000c22fbfb0, 0x00000000c2300000| 98%| O|  |TAMS 0x00000000c22fbfb0, 0x00000000c2200000| Untracked 
|  35|0x00000000c2300000, 0x00000000c23fffc0, 0x00000000c2400000| 99%| O|  |TAMS 0x00000000c23fffc0, 0x00000000c2300000| Untracked 
|  36|0x00000000c2400000, 0x00000000c2500000, 0x00000000c2500000|100%| O|  |TAMS 0x00000000c2500000, 0x00000000c2400000| Untracked 
|  37|0x00000000c2500000, 0x00000000c25fffe8, 0x00000000c2600000| 99%| O|  |TAMS 0x00000000c25fffe8, 0x00000000c2500000| Untracked 
|  38|0x00000000c2600000, 0x00000000c26ffff0, 0x00000000c2700000| 99%| O|  |TAMS 0x00000000c26ffff0, 0x00000000c2600000| Untracked 
|  39|0x00000000c2700000, 0x00000000c27fffe8, 0x00000000c2800000| 99%| O|  |TAMS 0x00000000c27fffe8, 0x00000000c2700000| Untracked 
|  40|0x00000000c2800000, 0x00000000c28ffff0, 0x00000000c2900000| 99%| O|  |TAMS 0x00000000c28ffff0, 0x00000000c2800000| Untracked 
|  41|0x00000000c2900000, 0x00000000c2a00000, 0x00000000c2a00000|100%| O|  |TAMS 0x00000000c2a00000, 0x00000000c2900000| Untracked 
|  42|0x00000000c2a00000, 0x00000000c2b00000, 0x00000000c2b00000|100%| O|  |TAMS 0x00000000c2b00000, 0x00000000c2a00000| Untracked 
|  43|0x00000000c2b00000, 0x00000000c2bffa90, 0x00000000c2c00000| 99%| O|  |TAMS 0x00000000c2bffa90, 0x00000000c2b00000| Untracked 
|  44|0x00000000c2c00000, 0x00000000c2cfffe8, 0x00000000c2d00000| 99%| O|  |TAMS 0x00000000c2cfffe8, 0x00000000c2c00000| Untracked 
|  45|0x00000000c2d00000, 0x00000000c2dffff0, 0x00000000c2e00000| 99%| O|  |TAMS 0x00000000c2dffff0, 0x00000000c2d00000| Untracked 
|  46|0x00000000c2e00000, 0x00000000c2f00000, 0x00000000c2f00000|100%| O|  |TAMS 0x00000000c2f00000, 0x00000000c2e00000| Untracked 
|  47|0x00000000c2f00000, 0x00000000c2ffc250, 0x00000000c3000000| 98%| O|  |TAMS 0x00000000c2ffc250, 0x00000000c2f00000| Untracked 
|  48|0x00000000c3000000, 0x00000000c3100000, 0x00000000c3100000|100%| O|  |TAMS 0x00000000c3100000, 0x00000000c3000000| Untracked 
|  49|0x00000000c3100000, 0x00000000c31ffff8, 0x00000000c3200000| 99%| O|  |TAMS 0x00000000c31ffff8, 0x00000000c3100000| Untracked 
|  50|0x00000000c3200000, 0x00000000c32ffff8, 0x00000000c3300000| 99%| O|  |TAMS 0x00000000c32ffff8, 0x00000000c3200000| Untracked 
|  51|0x00000000c3300000, 0x00000000c33ffbb0, 0x00000000c3400000| 99%| O|  |TAMS 0x00000000c33ffbb0, 0x00000000c3300000| Untracked 
|  52|0x00000000c3400000, 0x00000000c34fd8d8, 0x00000000c3500000| 99%| O|  |TAMS 0x00000000c34fd8d8, 0x00000000c3400000| Untracked 
|  53|0x00000000c3500000, 0x00000000c35ffff8, 0x00000000c3600000| 99%| O|  |TAMS 0x00000000c35ffff8, 0x00000000c3500000| Untracked 
|  54|0x00000000c3600000, 0x00000000c3700000, 0x00000000c3700000|100%| O|  |TAMS 0x00000000c3700000, 0x00000000c3600000| Untracked 
|  55|0x00000000c3700000, 0x00000000c3800000, 0x00000000c3800000|100%| O|  |TAMS 0x00000000c3800000, 0x00000000c3700000| Untracked 
|  56|0x00000000c3800000, 0x00000000c38ef3e0, 0x00000000c3900000| 93%| O|  |TAMS 0x00000000c3800000, 0x00000000c3800000| Untracked 
|  57|0x00000000c3900000, 0x00000000c39cb830, 0x00000000c3a00000| 79%| O|  |TAMS 0x00000000c3900000, 0x00000000c3900000| Untracked 
|  58|0x00000000c3a00000, 0x00000000c3a89588, 0x00000000c3b00000| 53%| O|  |TAMS 0x00000000c3a00000, 0x00000000c3a00000| Untracked 
|  59|0x00000000c3b00000, 0x00000000c3bfffe8, 0x00000000c3c00000| 99%| O|  |TAMS 0x00000000c3bfffe8, 0x00000000c3b00000| Untracked 
|  60|0x00000000c3c00000, 0x00000000c3cffff8, 0x00000000c3d00000| 99%| O|  |TAMS 0x00000000c3cffff8, 0x00000000c3c00000| Untracked 
|  61|0x00000000c3d00000, 0x00000000c3dffff8, 0x00000000c3e00000| 99%| O|  |TAMS 0x00000000c3dffff8, 0x00000000c3d00000| Untracked 
|  62|0x00000000c3e00000, 0x00000000c3efffd0, 0x00000000c3f00000| 99%| O|  |TAMS 0x00000000c3efffd0, 0x00000000c3e00000| Untracked 
|  63|0x00000000c3f00000, 0x00000000c4000000, 0x00000000c4000000|100%| O|  |TAMS 0x00000000c4000000, 0x00000000c3f00000| Untracked 
|  64|0x00000000c4000000, 0x00000000c4000068, 0x00000000c4100000|  0%| O|  |TAMS 0x00000000c4000000, 0x00000000c4000000| Untracked 
|  65|0x00000000c4100000, 0x00000000c41ffff8, 0x00000000c4200000| 99%| O|  |TAMS 0x00000000c41ffff8, 0x00000000c4100000| Untracked 
|  66|0x00000000c4200000, 0x00000000c4200000, 0x00000000c4300000|  0%| F|  |TAMS 0x00000000c4200000, 0x00000000c4200000| Untracked 
|  67|0x00000000c4300000, 0x00000000c4300000, 0x00000000c4400000|  0%| F|  |TAMS 0x00000000c4300000, 0x00000000c4300000| Untracked 
|  68|0x00000000c4400000, 0x00000000c44ff2c0, 0x00000000c4500000| 99%| O|  |TAMS 0x00000000c44ff2c0, 0x00000000c4400000| Untracked 
|  69|0x00000000c4500000, 0x00000000c4500000, 0x00000000c4600000|  0%| F|  |TAMS 0x00000000c4500000, 0x00000000c4500000| Untracked 
|  70|0x00000000c4600000, 0x00000000c4600000, 0x00000000c4700000|  0%| F|  |TAMS 0x00000000c4600000, 0x00000000c4600000| Untracked 
|  71|0x00000000c4700000, 0x00000000c4800000, 0x00000000c4800000|100%| O|  |TAMS 0x00000000c4800000, 0x00000000c4700000| Untracked 
|  72|0x00000000c4800000, 0x00000000c4800000, 0x00000000c4900000|  0%| F|  |TAMS 0x00000000c4800000, 0x00000000c4800000| Untracked 
|  73|0x00000000c4900000, 0x00000000c49fffe8, 0x00000000c4a00000| 99%| O|  |TAMS 0x00000000c49fffe8, 0x00000000c4900000| Untracked 
|  74|0x00000000c4a00000, 0x00000000c4a00000, 0x00000000c4b00000|  0%| F|  |TAMS 0x00000000c4a00000, 0x00000000c4a00000| Untracked 
|  75|0x00000000c4b00000, 0x00000000c4b00000, 0x00000000c4c00000|  0%| F|  |TAMS 0x00000000c4b00000, 0x00000000c4b00000| Untracked 
|  76|0x00000000c4c00000, 0x00000000c4c00000, 0x00000000c4d00000|  0%| F|  |TAMS 0x00000000c4c00000, 0x00000000c4c00000| Untracked 
|  77|0x00000000c4d00000, 0x00000000c4d00000, 0x00000000c4e00000|  0%| F|  |TAMS 0x00000000c4d00000, 0x00000000c4d00000| Untracked 
|  78|0x00000000c4e00000, 0x00000000c4e00000, 0x00000000c4f00000|  0%| F|  |TAMS 0x00000000c4e00000, 0x00000000c4e00000| Untracked 
|  79|0x00000000c4f00000, 0x00000000c4f00000, 0x00000000c5000000|  0%| F|  |TAMS 0x00000000c4f00000, 0x00000000c4f00000| Untracked 
|  80|0x00000000c5000000, 0x00000000c5000000, 0x00000000c5100000|  0%| F|  |TAMS 0x00000000c5000000, 0x00000000c5000000| Untracked 
|  81|0x00000000c5100000, 0x00000000c51fff18, 0x00000000c5200000| 99%| O|  |TAMS 0x00000000c51fff18, 0x00000000c5100000| Untracked 
|  82|0x00000000c5200000, 0x00000000c5200000, 0x00000000c5300000|  0%| F|  |TAMS 0x00000000c5200000, 0x00000000c5200000| Untracked 
|  83|0x00000000c5300000, 0x00000000c5300000, 0x00000000c5400000|  0%| F|  |TAMS 0x00000000c5300000, 0x00000000c5300000| Untracked 
|  84|0x00000000c5400000, 0x00000000c5400000, 0x00000000c5500000|  0%| F|  |TAMS 0x00000000c5400000, 0x00000000c5400000| Untracked 
|  85|0x00000000c5500000, 0x00000000c5500000, 0x00000000c5600000|  0%| F|  |TAMS 0x00000000c5500000, 0x00000000c5500000| Untracked 
|  86|0x00000000c5600000, 0x00000000c5600000, 0x00000000c5700000|  0%| F|  |TAMS 0x00000000c5600000, 0x00000000c5600000| Untracked 
|  87|0x00000000c5700000, 0x00000000c57ffff0, 0x00000000c5800000| 99%| O|  |TAMS 0x00000000c57ffff0, 0x00000000c5700000| Untracked 
|  88|0x00000000c5800000, 0x00000000c5800000, 0x00000000c5900000|  0%| F|  |TAMS 0x00000000c5800000, 0x00000000c5800000| Untracked 
|  89|0x00000000c5900000, 0x00000000c5900000, 0x00000000c5a00000|  0%| F|  |TAMS 0x00000000c5900000, 0x00000000c5900000| Untracked 
|  90|0x00000000c5a00000, 0x00000000c5a00000, 0x00000000c5b00000|  0%| F|  |TAMS 0x00000000c5a00000, 0x00000000c5a00000| Untracked 
|  91|0x00000000c5b00000, 0x00000000c5b00000, 0x00000000c5c00000|  0%| F|  |TAMS 0x00000000c5b00000, 0x00000000c5b00000| Untracked 
|  92|0x00000000c5c00000, 0x00000000c5c00000, 0x00000000c5d00000|  0%| F|  |TAMS 0x00000000c5c00000, 0x00000000c5c00000| Untracked 
|  93|0x00000000c5d00000, 0x00000000c5d00000, 0x00000000c5e00000|  0%| F|  |TAMS 0x00000000c5d00000, 0x00000000c5d00000| Untracked 
|  94|0x00000000c5e00000, 0x00000000c5effff0, 0x00000000c5f00000| 99%| O|  |TAMS 0x00000000c5effff0, 0x00000000c5e00000| Untracked 
|  95|0x00000000c5f00000, 0x00000000c5f00000, 0x00000000c6000000|  0%| F|  |TAMS 0x00000000c5f00000, 0x00000000c5f00000| Untracked 
|  96|0x00000000c6000000, 0x00000000c6000000, 0x00000000c6100000|  0%| F|  |TAMS 0x00000000c6000000, 0x00000000c6000000| Untracked 
|  97|0x00000000c6100000, 0x00000000c6100000, 0x00000000c6200000|  0%| F|  |TAMS 0x00000000c6100000, 0x00000000c6100000| Untracked 
|  98|0x00000000c6200000, 0x00000000c6200000, 0x00000000c6300000|  0%| F|  |TAMS 0x00000000c6200000, 0x00000000c6200000| Untracked 
|  99|0x00000000c6300000, 0x00000000c63fffd8, 0x00000000c6400000| 99%| O|  |TAMS 0x00000000c63fffd8, 0x00000000c6300000| Untracked 
| 100|0x00000000c6400000, 0x00000000c6500000, 0x00000000c6500000|100%| O|  |TAMS 0x00000000c6500000, 0x00000000c6400000| Untracked 
| 101|0x00000000c6500000, 0x00000000c6500000, 0x00000000c6600000|  0%| F|  |TAMS 0x00000000c6500000, 0x00000000c6500000| Untracked 
| 102|0x00000000c6600000, 0x00000000c6700000, 0x00000000c6700000|100%| O|  |TAMS 0x00000000c6700000, 0x00000000c6600000| Untracked 
| 103|0x00000000c6700000, 0x00000000c6700000, 0x00000000c6800000|  0%| F|  |TAMS 0x00000000c6700000, 0x00000000c6700000| Untracked 
| 104|0x00000000c6800000, 0x00000000c6900000, 0x00000000c6900000|100%|HS|  |TAMS 0x00000000c6900000, 0x00000000c6800000| Untracked 
| 105|0x00000000c6900000, 0x00000000c6a00000, 0x00000000c6a00000|100%|HC|  |TAMS 0x00000000c6a00000, 0x00000000c6900000| Untracked 
| 106|0x00000000c6a00000, 0x00000000c6b00000, 0x00000000c6b00000|100%|HC|  |TAMS 0x00000000c6b00000, 0x00000000c6a00000| Untracked 
| 107|0x00000000c6b00000, 0x00000000c6b00000, 0x00000000c6c00000|  0%| F|  |TAMS 0x00000000c6b00000, 0x00000000c6b00000| Untracked 
| 108|0x00000000c6c00000, 0x00000000c6c00000, 0x00000000c6d00000|  0%| F|  |TAMS 0x00000000c6c00000, 0x00000000c6c00000| Untracked 
| 109|0x00000000c6d00000, 0x00000000c6d00000, 0x00000000c6e00000|  0%| F|  |TAMS 0x00000000c6d00000, 0x00000000c6d00000| Untracked 
| 110|0x00000000c6e00000, 0x00000000c6e00000, 0x00000000c6f00000|  0%| F|  |TAMS 0x00000000c6e00000, 0x00000000c6e00000| Untracked 
| 111|0x00000000c6f00000, 0x00000000c6f00000, 0x00000000c7000000|  0%| F|  |TAMS 0x00000000c6f00000, 0x00000000c6f00000| Untracked 
| 112|0x00000000c7000000, 0x00000000c7000000, 0x00000000c7100000|  0%| F|  |TAMS 0x00000000c7000000, 0x00000000c7000000| Untracked 
| 113|0x00000000c7100000, 0x00000000c7100000, 0x00000000c7200000|  0%| F|  |TAMS 0x00000000c7100000, 0x00000000c7100000| Untracked 
| 114|0x00000000c7200000, 0x00000000c7200000, 0x00000000c7300000|  0%| F|  |TAMS 0x00000000c7200000, 0x00000000c7200000| Untracked 
| 115|0x00000000c7300000, 0x00000000c7300000, 0x00000000c7400000|  0%| F|  |TAMS 0x00000000c7300000, 0x00000000c7300000| Untracked 
| 116|0x00000000c7400000, 0x00000000c7400000, 0x00000000c7500000|  0%| F|  |TAMS 0x00000000c7400000, 0x00000000c7400000| Untracked 
| 117|0x00000000c7500000, 0x00000000c7500000, 0x00000000c7600000|  0%| F|  |TAMS 0x00000000c7500000, 0x00000000c7500000| Untracked 
| 118|0x00000000c7600000, 0x00000000c7600000, 0x00000000c7700000|  0%| F|  |TAMS 0x00000000c7600000, 0x00000000c7600000| Untracked 
| 119|0x00000000c7700000, 0x00000000c7700000, 0x00000000c7800000|  0%| F|  |TAMS 0x00000000c7700000, 0x00000000c7700000| Untracked 
| 120|0x00000000c7800000, 0x00000000c7800000, 0x00000000c7900000|  0%| F|  |TAMS 0x00000000c7800000, 0x00000000c7800000| Untracked 
| 121|0x00000000c7900000, 0x00000000c7900000, 0x00000000c7a00000|  0%| F|  |TAMS 0x00000000c7900000, 0x00000000c7900000| Untracked 
| 122|0x00000000c7a00000, 0x00000000c7a00000, 0x00000000c7b00000|  0%| F|  |TAMS 0x00000000c7a00000, 0x00000000c7a00000| Untracked 
| 123|0x00000000c7b00000, 0x00000000c7b00000, 0x00000000c7c00000|  0%| F|  |TAMS 0x00000000c7b00000, 0x00000000c7b00000| Untracked 
| 124|0x00000000c7c00000, 0x00000000c7c00000, 0x00000000c7d00000|  0%| F|  |TAMS 0x00000000c7c00000, 0x00000000c7c00000| Untracked 
| 125|0x00000000c7d00000, 0x00000000c7d00000, 0x00000000c7e00000|  0%| F|  |TAMS 0x00000000c7d00000, 0x00000000c7d00000| Untracked 
| 126|0x00000000c7e00000, 0x00000000c7e00000, 0x00000000c7f00000|  0%| F|  |TAMS 0x00000000c7e00000, 0x00000000c7e00000| Untracked 
| 127|0x00000000c7f00000, 0x00000000c7f00000, 0x00000000c8000000|  0%| F|  |TAMS 0x00000000c7f00000, 0x00000000c7f00000| Untracked 
| 128|0x00000000c8000000, 0x00000000c8000000, 0x00000000c8100000|  0%| F|  |TAMS 0x00000000c8000000, 0x00000000c8000000| Untracked 
| 129|0x00000000c8100000, 0x00000000c8100000, 0x00000000c8200000|  0%| F|  |TAMS 0x00000000c8100000, 0x00000000c8100000| Untracked 
| 130|0x00000000c8200000, 0x00000000c8200000, 0x00000000c8300000|  0%| F|  |TAMS 0x00000000c8200000, 0x00000000c8200000| Untracked 
| 131|0x00000000c8300000, 0x00000000c8300000, 0x00000000c8400000|  0%| F|  |TAMS 0x00000000c8300000, 0x00000000c8300000| Untracked 
| 132|0x00000000c8400000, 0x00000000c8400000, 0x00000000c8500000|  0%| F|  |TAMS 0x00000000c8400000, 0x00000000c8400000| Untracked 
| 133|0x00000000c8500000, 0x00000000c8500000, 0x00000000c8600000|  0%| F|  |TAMS 0x00000000c8500000, 0x00000000c8500000| Untracked 
| 134|0x00000000c8600000, 0x00000000c8600000, 0x00000000c8700000|  0%| F|  |TAMS 0x00000000c8600000, 0x00000000c8600000| Untracked 
| 135|0x00000000c8700000, 0x00000000c8700000, 0x00000000c8800000|  0%| F|  |TAMS 0x00000000c8700000, 0x00000000c8700000| Untracked 
| 136|0x00000000c8800000, 0x00000000c8800000, 0x00000000c8900000|  0%| F|  |TAMS 0x00000000c8800000, 0x00000000c8800000| Untracked 
| 137|0x00000000c8900000, 0x00000000c8900000, 0x00000000c8a00000|  0%| F|  |TAMS 0x00000000c8900000, 0x00000000c8900000| Untracked 
| 138|0x00000000c8a00000, 0x00000000c8a00000, 0x00000000c8b00000|  0%| F|  |TAMS 0x00000000c8a00000, 0x00000000c8a00000| Untracked 
| 139|0x00000000c8b00000, 0x00000000c8b00000, 0x00000000c8c00000|  0%| F|  |TAMS 0x00000000c8b00000, 0x00000000c8b00000| Untracked 
| 140|0x00000000c8c00000, 0x00000000c8c00000, 0x00000000c8d00000|  0%| F|  |TAMS 0x00000000c8c00000, 0x00000000c8c00000| Untracked 
| 141|0x00000000c8d00000, 0x00000000c8d00000, 0x00000000c8e00000|  0%| F|  |TAMS 0x00000000c8d00000, 0x00000000c8d00000| Untracked 
| 142|0x00000000c8e00000, 0x00000000c8e00000, 0x00000000c8f00000|  0%| F|  |TAMS 0x00000000c8e00000, 0x00000000c8e00000| Untracked 
| 143|0x00000000c8f00000, 0x00000000c8f00000, 0x00000000c9000000|  0%| F|  |TAMS 0x00000000c8f00000, 0x00000000c8f00000| Untracked 
| 144|0x00000000c9000000, 0x00000000c9000000, 0x00000000c9100000|  0%| F|  |TAMS 0x00000000c9000000, 0x00000000c9000000| Untracked 
| 145|0x00000000c9100000, 0x00000000c9100000, 0x00000000c9200000|  0%| F|  |TAMS 0x00000000c9100000, 0x00000000c9100000| Untracked 
| 146|0x00000000c9200000, 0x00000000c9200000, 0x00000000c9300000|  0%| F|  |TAMS 0x00000000c9200000, 0x00000000c9200000| Untracked 
| 147|0x00000000c9300000, 0x00000000c9300000, 0x00000000c9400000|  0%| F|  |TAMS 0x00000000c9300000, 0x00000000c9300000| Untracked 
| 148|0x00000000c9400000, 0x00000000c9400000, 0x00000000c9500000|  0%| F|  |TAMS 0x00000000c9400000, 0x00000000c9400000| Untracked 
| 149|0x00000000c9500000, 0x00000000c9500000, 0x00000000c9600000|  0%| F|  |TAMS 0x00000000c9500000, 0x00000000c9500000| Untracked 
| 150|0x00000000c9600000, 0x00000000c9600000, 0x00000000c9700000|  0%| F|  |TAMS 0x00000000c9600000, 0x00000000c9600000| Untracked 
| 151|0x00000000c9700000, 0x00000000c9700000, 0x00000000c9800000|  0%| F|  |TAMS 0x00000000c9700000, 0x00000000c9700000| Untracked 
| 152|0x00000000c9800000, 0x00000000c9800000, 0x00000000c9900000|  0%| F|  |TAMS 0x00000000c9800000, 0x00000000c9800000| Untracked 
| 153|0x00000000c9900000, 0x00000000c9900000, 0x00000000c9a00000|  0%| F|  |TAMS 0x00000000c9900000, 0x00000000c9900000| Untracked 
| 154|0x00000000c9a00000, 0x00000000c9a00000, 0x00000000c9b00000|  0%| F|  |TAMS 0x00000000c9a00000, 0x00000000c9a00000| Untracked 
| 155|0x00000000c9b00000, 0x00000000c9b00000, 0x00000000c9c00000|  0%| F|  |TAMS 0x00000000c9b00000, 0x00000000c9b00000| Untracked 
| 156|0x00000000c9c00000, 0x00000000c9c00000, 0x00000000c9d00000|  0%| F|  |TAMS 0x00000000c9c00000, 0x00000000c9c00000| Untracked 
| 157|0x00000000c9d00000, 0x00000000c9d00000, 0x00000000c9e00000|  0%| F|  |TAMS 0x00000000c9d00000, 0x00000000c9d00000| Untracked 
| 158|0x00000000c9e00000, 0x00000000c9e00000, 0x00000000c9f00000|  0%| F|  |TAMS 0x00000000c9e00000, 0x00000000c9e00000| Untracked 
| 159|0x00000000c9f00000, 0x00000000c9f00000, 0x00000000ca000000|  0%| F|  |TAMS 0x00000000c9f00000, 0x00000000c9f00000| Untracked 
| 160|0x00000000ca000000, 0x00000000ca000000, 0x00000000ca100000|  0%| F|  |TAMS 0x00000000ca000000, 0x00000000ca000000| Untracked 
| 161|0x00000000ca100000, 0x00000000ca100000, 0x00000000ca200000|  0%| F|  |TAMS 0x00000000ca100000, 0x00000000ca100000| Untracked 
| 162|0x00000000ca200000, 0x00000000ca200000, 0x00000000ca300000|  0%| F|  |TAMS 0x00000000ca200000, 0x00000000ca200000| Untracked 
| 163|0x00000000ca300000, 0x00000000ca300000, 0x00000000ca400000|  0%| F|  |TAMS 0x00000000ca300000, 0x00000000ca300000| Untracked 
| 164|0x00000000ca400000, 0x00000000ca400000, 0x00000000ca500000|  0%| F|  |TAMS 0x00000000ca400000, 0x00000000ca400000| Untracked 
| 165|0x00000000ca500000, 0x00000000ca500000, 0x00000000ca600000|  0%| F|  |TAMS 0x00000000ca500000, 0x00000000ca500000| Untracked 
| 166|0x00000000ca600000, 0x00000000ca600000, 0x00000000ca700000|  0%| F|  |TAMS 0x00000000ca600000, 0x00000000ca600000| Untracked 
| 167|0x00000000ca700000, 0x00000000ca700000, 0x00000000ca800000|  0%| F|  |TAMS 0x00000000ca700000, 0x00000000ca700000| Untracked 
| 168|0x00000000ca800000, 0x00000000ca800000, 0x00000000ca900000|  0%| F|  |TAMS 0x00000000ca800000, 0x00000000ca800000| Untracked 
| 169|0x00000000ca900000, 0x00000000ca900000, 0x00000000caa00000|  0%| F|  |TAMS 0x00000000ca900000, 0x00000000ca900000| Untracked 
| 170|0x00000000caa00000, 0x00000000caa00000, 0x00000000cab00000|  0%| F|  |TAMS 0x00000000caa00000, 0x00000000caa00000| Untracked 
| 171|0x00000000cab00000, 0x00000000cab00000, 0x00000000cac00000|  0%| F|  |TAMS 0x00000000cab00000, 0x00000000cab00000| Untracked 
| 172|0x00000000cac00000, 0x00000000cac00000, 0x00000000cad00000|  0%| F|  |TAMS 0x00000000cac00000, 0x00000000cac00000| Untracked 
| 173|0x00000000cad00000, 0x00000000cad00000, 0x00000000cae00000|  0%| F|  |TAMS 0x00000000cad00000, 0x00000000cad00000| Untracked 
| 174|0x00000000cae00000, 0x00000000cae00000, 0x00000000caf00000|  0%| F|  |TAMS 0x00000000cae00000, 0x00000000cae00000| Untracked 
| 175|0x00000000caf00000, 0x00000000caf00000, 0x00000000cb000000|  0%| F|  |TAMS 0x00000000caf00000, 0x00000000caf00000| Untracked 
| 176|0x00000000cb000000, 0x00000000cb000000, 0x00000000cb100000|  0%| F|  |TAMS 0x00000000cb000000, 0x00000000cb000000| Untracked 
| 177|0x00000000cb100000, 0x00000000cb100000, 0x00000000cb200000|  0%| F|  |TAMS 0x00000000cb100000, 0x00000000cb100000| Untracked 
| 178|0x00000000cb200000, 0x00000000cb200000, 0x00000000cb300000|  0%| F|  |TAMS 0x00000000cb200000, 0x00000000cb200000| Untracked 
| 179|0x00000000cb300000, 0x00000000cb300000, 0x00000000cb400000|  0%| F|  |TAMS 0x00000000cb300000, 0x00000000cb300000| Untracked 
| 180|0x00000000cb400000, 0x00000000cb400000, 0x00000000cb500000|  0%| F|  |TAMS 0x00000000cb400000, 0x00000000cb400000| Untracked 
| 181|0x00000000cb500000, 0x00000000cb500000, 0x00000000cb600000|  0%| F|  |TAMS 0x00000000cb500000, 0x00000000cb500000| Untracked 
| 182|0x00000000cb600000, 0x00000000cb600000, 0x00000000cb700000|  0%| F|  |TAMS 0x00000000cb600000, 0x00000000cb600000| Untracked 
| 183|0x00000000cb700000, 0x00000000cb700000, 0x00000000cb800000|  0%| F|  |TAMS 0x00000000cb700000, 0x00000000cb700000| Untracked 
| 184|0x00000000cb800000, 0x00000000cb800000, 0x00000000cb900000|  0%| F|  |TAMS 0x00000000cb800000, 0x00000000cb800000| Untracked 
| 185|0x00000000cb900000, 0x00000000cb900000, 0x00000000cba00000|  0%| F|  |TAMS 0x00000000cb900000, 0x00000000cb900000| Untracked 
| 186|0x00000000cba00000, 0x00000000cba00000, 0x00000000cbb00000|  0%| F|  |TAMS 0x00000000cba00000, 0x00000000cba00000| Untracked 
| 187|0x00000000cbb00000, 0x00000000cbb00000, 0x00000000cbc00000|  0%| F|  |TAMS 0x00000000cbb00000, 0x00000000cbb00000| Untracked 
| 188|0x00000000cbc00000, 0x00000000cbc00000, 0x00000000cbd00000|  0%| F|  |TAMS 0x00000000cbc00000, 0x00000000cbc00000| Untracked 
| 189|0x00000000cbd00000, 0x00000000cbd00000, 0x00000000cbe00000|  0%| F|  |TAMS 0x00000000cbd00000, 0x00000000cbd00000| Untracked 
| 190|0x00000000cbe00000, 0x00000000cbe00000, 0x00000000cbf00000|  0%| F|  |TAMS 0x00000000cbe00000, 0x00000000cbe00000| Untracked 
| 191|0x00000000cbf00000, 0x00000000cbf00000, 0x00000000cc000000|  0%| F|  |TAMS 0x00000000cbf00000, 0x00000000cbf00000| Untracked 
| 192|0x00000000cc000000, 0x00000000cc000000, 0x00000000cc100000|  0%| F|  |TAMS 0x00000000cc000000, 0x00000000cc000000| Untracked 
| 193|0x00000000cc100000, 0x00000000cc100000, 0x00000000cc200000|  0%| F|  |TAMS 0x00000000cc100000, 0x00000000cc100000| Untracked 
| 194|0x00000000cc200000, 0x00000000cc200000, 0x00000000cc300000|  0%| F|  |TAMS 0x00000000cc200000, 0x00000000cc200000| Untracked 
| 195|0x00000000cc300000, 0x00000000cc300000, 0x00000000cc400000|  0%| F|  |TAMS 0x00000000cc300000, 0x00000000cc300000| Untracked 
| 196|0x00000000cc400000, 0x00000000cc400000, 0x00000000cc500000|  0%| F|  |TAMS 0x00000000cc400000, 0x00000000cc400000| Untracked 
| 197|0x00000000cc500000, 0x00000000cc500000, 0x00000000cc600000|  0%| F|  |TAMS 0x00000000cc500000, 0x00000000cc500000| Untracked 
| 198|0x00000000cc600000, 0x00000000cc600000, 0x00000000cc700000|  0%| F|  |TAMS 0x00000000cc600000, 0x00000000cc600000| Untracked 
| 199|0x00000000cc700000, 0x00000000cc700000, 0x00000000cc800000|  0%| F|  |TAMS 0x00000000cc700000, 0x00000000cc700000| Untracked 
| 200|0x00000000cc800000, 0x00000000cc900000, 0x00000000cc900000|100%| O|  |TAMS 0x00000000cc900000, 0x00000000cc800000| Untracked 
| 201|0x00000000cc900000, 0x00000000cc900000, 0x00000000cca00000|  0%| F|  |TAMS 0x00000000cc900000, 0x00000000cc900000| Untracked 
| 202|0x00000000cca00000, 0x00000000cca00000, 0x00000000ccb00000|  0%| F|  |TAMS 0x00000000cca00000, 0x00000000cca00000| Untracked 
| 203|0x00000000ccb00000, 0x00000000ccb00000, 0x00000000ccc00000|  0%| F|  |TAMS 0x00000000ccb00000, 0x00000000ccb00000| Untracked 
| 204|0x00000000ccc00000, 0x00000000ccc00000, 0x00000000ccd00000|  0%| F|  |TAMS 0x00000000ccc00000, 0x00000000ccc00000| Untracked 
| 205|0x00000000ccd00000, 0x00000000ccd00000, 0x00000000cce00000|  0%| F|  |TAMS 0x00000000ccd00000, 0x00000000ccd00000| Untracked 
| 206|0x00000000cce00000, 0x00000000cce00000, 0x00000000ccf00000|  0%| F|  |TAMS 0x00000000cce00000, 0x00000000cce00000| Untracked 
| 207|0x00000000ccf00000, 0x00000000ccf00000, 0x00000000cd000000|  0%| F|  |TAMS 0x00000000ccf00000, 0x00000000ccf00000| Untracked 
| 208|0x00000000cd000000, 0x00000000cd000000, 0x00000000cd100000|  0%| F|  |TAMS 0x00000000cd000000, 0x00000000cd000000| Untracked 
| 209|0x00000000cd100000, 0x00000000cd100000, 0x00000000cd200000|  0%| F|  |TAMS 0x00000000cd100000, 0x00000000cd100000| Untracked 
| 210|0x00000000cd200000, 0x00000000cd200000, 0x00000000cd300000|  0%| F|  |TAMS 0x00000000cd200000, 0x00000000cd200000| Untracked 
| 211|0x00000000cd300000, 0x00000000cd300000, 0x00000000cd400000|  0%| F|  |TAMS 0x00000000cd300000, 0x00000000cd300000| Untracked 
| 212|0x00000000cd400000, 0x00000000cd400000, 0x00000000cd500000|  0%| F|  |TAMS 0x00000000cd400000, 0x00000000cd400000| Untracked 
| 213|0x00000000cd500000, 0x00000000cd500000, 0x00000000cd600000|  0%| F|  |TAMS 0x00000000cd500000, 0x00000000cd500000| Untracked 
| 214|0x00000000cd600000, 0x00000000cd600000, 0x00000000cd700000|  0%| F|  |TAMS 0x00000000cd600000, 0x00000000cd600000| Untracked 
| 215|0x00000000cd700000, 0x00000000cd700000, 0x00000000cd800000|  0%| F|  |TAMS 0x00000000cd700000, 0x00000000cd700000| Untracked 
| 216|0x00000000cd800000, 0x00000000cd800000, 0x00000000cd900000|  0%| F|  |TAMS 0x00000000cd800000, 0x00000000cd800000| Untracked 
| 217|0x00000000cd900000, 0x00000000cd900000, 0x00000000cda00000|  0%| F|  |TAMS 0x00000000cd900000, 0x00000000cd900000| Untracked 
| 218|0x00000000cda00000, 0x00000000cda00000, 0x00000000cdb00000|  0%| F|  |TAMS 0x00000000cda00000, 0x00000000cda00000| Untracked 
| 219|0x00000000cdb00000, 0x00000000cdb00000, 0x00000000cdc00000|  0%| F|  |TAMS 0x00000000cdb00000, 0x00000000cdb00000| Untracked 
| 220|0x00000000cdc00000, 0x00000000cdc00000, 0x00000000cdd00000|  0%| F|  |TAMS 0x00000000cdc00000, 0x00000000cdc00000| Untracked 
| 221|0x00000000cdd00000, 0x00000000cdd00000, 0x00000000cde00000|  0%| F|  |TAMS 0x00000000cdd00000, 0x00000000cdd00000| Untracked 
| 222|0x00000000cde00000, 0x00000000cde00000, 0x00000000cdf00000|  0%| F|  |TAMS 0x00000000cde00000, 0x00000000cde00000| Untracked 
| 223|0x00000000cdf00000, 0x00000000cdf00000, 0x00000000ce000000|  0%| F|  |TAMS 0x00000000cdf00000, 0x00000000cdf00000| Untracked 
| 224|0x00000000ce000000, 0x00000000ce000000, 0x00000000ce100000|  0%| F|  |TAMS 0x00000000ce000000, 0x00000000ce000000| Untracked 
| 225|0x00000000ce100000, 0x00000000ce100000, 0x00000000ce200000|  0%| F|  |TAMS 0x00000000ce100000, 0x00000000ce100000| Untracked 
| 226|0x00000000ce200000, 0x00000000ce200000, 0x00000000ce300000|  0%| F|  |TAMS 0x00000000ce200000, 0x00000000ce200000| Untracked 
| 227|0x00000000ce300000, 0x00000000ce300000, 0x00000000ce400000|  0%| F|  |TAMS 0x00000000ce300000, 0x00000000ce300000| Untracked 
| 228|0x00000000ce400000, 0x00000000ce400000, 0x00000000ce500000|  0%| F|  |TAMS 0x00000000ce400000, 0x00000000ce400000| Untracked 
| 229|0x00000000ce500000, 0x00000000ce500000, 0x00000000ce600000|  0%| F|  |TAMS 0x00000000ce500000, 0x00000000ce500000| Untracked 
| 230|0x00000000ce600000, 0x00000000ce600000, 0x00000000ce700000|  0%| F|  |TAMS 0x00000000ce600000, 0x00000000ce600000| Untracked 
| 231|0x00000000ce700000, 0x00000000ce700000, 0x00000000ce800000|  0%| F|  |TAMS 0x00000000ce700000, 0x00000000ce700000| Untracked 
| 232|0x00000000ce800000, 0x00000000ce800000, 0x00000000ce900000|  0%| F|  |TAMS 0x00000000ce800000, 0x00000000ce800000| Untracked 
| 233|0x00000000ce900000, 0x00000000ce900000, 0x00000000cea00000|  0%| F|  |TAMS 0x00000000ce900000, 0x00000000ce900000| Untracked 
| 234|0x00000000cea00000, 0x00000000cea00000, 0x00000000ceb00000|  0%| F|  |TAMS 0x00000000cea00000, 0x00000000cea00000| Untracked 
| 235|0x00000000ceb00000, 0x00000000ceb00000, 0x00000000cec00000|  0%| F|  |TAMS 0x00000000ceb00000, 0x00000000ceb00000| Untracked 
| 236|0x00000000cec00000, 0x00000000cec00000, 0x00000000ced00000|  0%| F|  |TAMS 0x00000000cec00000, 0x00000000cec00000| Untracked 
| 237|0x00000000ced00000, 0x00000000ced00000, 0x00000000cee00000|  0%| F|  |TAMS 0x00000000ced00000, 0x00000000ced00000| Untracked 
| 238|0x00000000cee00000, 0x00000000cee00000, 0x00000000cef00000|  0%| F|  |TAMS 0x00000000cee00000, 0x00000000cee00000| Untracked 
| 239|0x00000000cef00000, 0x00000000cef00000, 0x00000000cf000000|  0%| F|  |TAMS 0x00000000cef00000, 0x00000000cef00000| Untracked 
| 240|0x00000000cf000000, 0x00000000cf000000, 0x00000000cf100000|  0%| F|  |TAMS 0x00000000cf000000, 0x00000000cf000000| Untracked 
| 241|0x00000000cf100000, 0x00000000cf100000, 0x00000000cf200000|  0%| F|  |TAMS 0x00000000cf100000, 0x00000000cf100000| Untracked 
| 242|0x00000000cf200000, 0x00000000cf200000, 0x00000000cf300000|  0%| F|  |TAMS 0x00000000cf200000, 0x00000000cf200000| Untracked 
| 243|0x00000000cf300000, 0x00000000cf300000, 0x00000000cf400000|  0%| F|  |TAMS 0x00000000cf300000, 0x00000000cf300000| Untracked 
| 244|0x00000000cf400000, 0x00000000cf400000, 0x00000000cf500000|  0%| F|  |TAMS 0x00000000cf400000, 0x00000000cf400000| Untracked 
| 245|0x00000000cf500000, 0x00000000cf500000, 0x00000000cf600000|  0%| F|  |TAMS 0x00000000cf500000, 0x00000000cf500000| Untracked 
| 246|0x00000000cf600000, 0x00000000cf600000, 0x00000000cf700000|  0%| F|  |TAMS 0x00000000cf600000, 0x00000000cf600000| Untracked 
| 247|0x00000000cf700000, 0x00000000cf700000, 0x00000000cf800000|  0%| F|  |TAMS 0x00000000cf700000, 0x00000000cf700000| Untracked 
| 248|0x00000000cf800000, 0x00000000cf800000, 0x00000000cf900000|  0%| F|  |TAMS 0x00000000cf800000, 0x00000000cf800000| Untracked 
| 249|0x00000000cf900000, 0x00000000cf900000, 0x00000000cfa00000|  0%| F|  |TAMS 0x00000000cf900000, 0x00000000cf900000| Untracked 
| 250|0x00000000cfa00000, 0x00000000cfa00000, 0x00000000cfb00000|  0%| F|  |TAMS 0x00000000cfa00000, 0x00000000cfa00000| Untracked 
| 251|0x00000000cfb00000, 0x00000000cfb00000, 0x00000000cfc00000|  0%| F|  |TAMS 0x00000000cfb00000, 0x00000000cfb00000| Untracked 
| 252|0x00000000cfc00000, 0x00000000cfc00000, 0x00000000cfd00000|  0%| F|  |TAMS 0x00000000cfc00000, 0x00000000cfc00000| Untracked 
| 253|0x00000000cfd00000, 0x00000000cfe00000, 0x00000000cfe00000|100%| O|  |TAMS 0x00000000cfe00000, 0x00000000cfd00000| Untracked 
| 254|0x00000000cfe00000, 0x00000000cfe00000, 0x00000000cff00000|  0%| F|  |TAMS 0x00000000cfe00000, 0x00000000cfe00000| Untracked 
| 255|0x00000000cff00000, 0x00000000cff00000, 0x00000000d0000000|  0%| F|  |TAMS 0x00000000cff00000, 0x00000000cff00000| Untracked 
| 256|0x00000000d0000000, 0x00000000d0000000, 0x00000000d0100000|  0%| F|  |TAMS 0x00000000d0000000, 0x00000000d0000000| Untracked 
| 257|0x00000000d0100000, 0x00000000d0100000, 0x00000000d0200000|  0%| F|  |TAMS 0x00000000d0100000, 0x00000000d0100000| Untracked 
| 258|0x00000000d0200000, 0x00000000d0300000, 0x00000000d0300000|100%| O|  |TAMS 0x00000000d0300000, 0x00000000d0200000| Untracked 
| 259|0x00000000d0300000, 0x00000000d0300000, 0x00000000d0400000|  0%| F|  |TAMS 0x00000000d0300000, 0x00000000d0300000| Untracked 
| 260|0x00000000d0400000, 0x00000000d0400000, 0x00000000d0500000|  0%| F|  |TAMS 0x00000000d0400000, 0x00000000d0400000| Untracked 
| 261|0x00000000d0500000, 0x00000000d0500000, 0x00000000d0600000|  0%| F|  |TAMS 0x00000000d0500000, 0x00000000d0500000| Untracked 
| 262|0x00000000d0600000, 0x00000000d0600000, 0x00000000d0700000|  0%| F|  |TAMS 0x00000000d0600000, 0x00000000d0600000| Untracked 
| 263|0x00000000d0700000, 0x00000000d0700000, 0x00000000d0800000|  0%| F|  |TAMS 0x00000000d0700000, 0x00000000d0700000| Untracked 
| 264|0x00000000d0800000, 0x00000000d0800000, 0x00000000d0900000|  0%| F|  |TAMS 0x00000000d0800000, 0x00000000d0800000| Untracked 
| 265|0x00000000d0900000, 0x00000000d0900000, 0x00000000d0a00000|  0%| F|  |TAMS 0x00000000d0900000, 0x00000000d0900000| Untracked 
| 266|0x00000000d0a00000, 0x00000000d0a00000, 0x00000000d0b00000|  0%| F|  |TAMS 0x00000000d0a00000, 0x00000000d0a00000| Untracked 
| 267|0x00000000d0b00000, 0x00000000d0b00000, 0x00000000d0c00000|  0%| F|  |TAMS 0x00000000d0b00000, 0x00000000d0b00000| Untracked 
| 268|0x00000000d0c00000, 0x00000000d0c00000, 0x00000000d0d00000|  0%| F|  |TAMS 0x00000000d0c00000, 0x00000000d0c00000| Untracked 
| 269|0x00000000d0d00000, 0x00000000d0d00000, 0x00000000d0e00000|  0%| F|  |TAMS 0x00000000d0d00000, 0x00000000d0d00000| Untracked 
| 270|0x00000000d0e00000, 0x00000000d0e90c80, 0x00000000d0f00000| 56%| E|  |TAMS 0x00000000d0e00000, 0x00000000d0e00000| Complete 
| 289|0x00000000d2100000, 0x00000000d2200000, 0x00000000d2200000|100%| O|  |TAMS 0x00000000d2200000, 0x00000000d2100000| Untracked 
| 399|0x00000000d8f00000, 0x00000000d9000000, 0x00000000d9000000|100%| O|  |TAMS 0x00000000d9000000, 0x00000000d8f00000| Untracked 
| 401|0x00000000d9100000, 0x00000000d9200000, 0x00000000d9200000|100%| O|  |TAMS 0x00000000d9200000, 0x00000000d9100000| Untracked 

Card table byte_map: [0x000001fb7e2a0000,0x000001fb7e4a0000] _byte_map_base: 0x000001fb7dca0000

Marking Bits (Prev, Next): (CMBitMap*) 0x000001fb79374a30, (CMBitMap*) 0x000001fb79374a70
 Prev Bits: [0x000001fb7e6a0000, 0x000001fb7f6a0000)
 Next Bits: [0x000001fb03000000, 0x000001fb04000000)

Polling page: 0x000001fb793f0000

Metaspace:

Usage:
  Non-class:     60.40 MB used.
      Class:      9.57 MB used.
       Both:     69.96 MB used.

Virtual space:
  Non-class space:       64.00 MB reserved,      60.88 MB ( 95%) committed,  8 nodes.
      Class space:        1.00 GB reserved,       9.88 MB ( <1%) committed,  1 nodes.
             Both:        1.06 GB reserved,      70.75 MB (  7%) committed. 

Chunk freelists:
   Non-Class:  2.88 MB
       Class:  2.27 MB
        Both:  5.15 MB

MaxMetaspaceSize: unlimited
CompressedClassSpaceSize: 1.00 GB
Initial GC threshold: 21.00 MB
Current GC threshold: 117.94 MB
CDS: off
MetaspaceReclaimPolicy: balanced
 - commit_granule_bytes: 65536.
 - commit_granule_words: 8192.
 - virtual_space_node_default_size: 1048576.
 - enlarge_chunks_in_place: 1.
 - new_chunks_are_fully_committed: 0.
 - uncommit_free_chunks: 1.
 - use_allocation_guard: 0.
 - handle_deallocations: 1.


Internal statistics:

num_allocs_failed_limit: 8.
num_arena_births: 730.
num_arena_deaths: 214.
num_vsnodes_births: 9.
num_vsnodes_deaths: 0.
num_space_committed: 1132.
num_space_uncommitted: 0.
num_chunks_returned_to_freelist: 267.
num_chunks_taken_from_freelist: 3099.
num_chunk_merges: 93.
num_chunk_splits: 2178.
num_chunks_enlarged: 1617.
num_purges: 10.
num_inconsistent_stats: 0.

CodeCache: size=49152Kb used=23571Kb max_used=23908Kb free=25580Kb
 bounds [0x000001fb00000000, 0x000001fb01760000, 0x000001fb03000000]
 total_blobs=13534 nmethods=12844 adapters=615
 compilation: enabled
              stopped_count=0, restarted_count=0
 full_count=0

Compilation events (20 events):
Event: 4696.943 Thread 0x000001fb06c095e0 13079       1       org.springframework.ide.vscode.boot.java.reconcilers.AnnotationParamReconciler::visit (42 bytes)
Event: 4696.948 Thread 0x000001fb06c095e0 nmethod 13079 0x000001fb00181110 code [0x000001fb001812c0, 0x000001fb001814d8]
Event: 5981.690 Thread 0x000001fb06c095e0 13080       1       org.eclipse.lsp4j.WorkspaceSymbolParams::getQuery (5 bytes)
Event: 5981.713 Thread 0x000001fb06c095e0 nmethod 13080 0x000001fb00180e10 code [0x000001fb00180fa0, 0x000001fb00181078]
Event: 6129.517 Thread 0x000001fb06c095e0 13081       1       java.io.FileInputStream::read (8 bytes)
Event: 6129.526 Thread 0x000001fb06c095e0 nmethod 13081 0x000001fb00180b10 code [0x000001fb00180ca0, 0x000001fb00180d88]
Event: 6584.935 Thread 0x000001fb06c095e0 13082   !   1       java.util.concurrent.CompletableFuture$UniApply::tryFire (149 bytes)
Event: 6585.004 Thread 0x000001fb06c095e0 nmethod 13082 0x000001fb0017f190 code [0x000001fb0017f4a0, 0x000001fb00180388]
Event: 6875.181 Thread 0x000001fb06c095e0 13083       1       ch.qos.logback.classic.Logger::filterAndLog_0_Or3Plus (61 bytes)
Event: 6875.230 Thread 0x000001fb06c095e0 nmethod 13083 0x000001fb0017e990 code [0x000001fb0017eb80, 0x000001fb0017eef8]
Event: 6936.992 Thread 0x000001fb06c095e0 13084       1       ch.qos.logback.classic.Logger::callAppenders (47 bytes)
Event: 6936.998 Thread 0x000001fb06c095e0 nmethod 13084 0x000001fb0017e490 code [0x000001fb0017e640, 0x000001fb0017e7f8]
Event: 6979.502 Thread 0x000001fb06c095e0 13085       1       java.util.concurrent.SynchronousQueue$TransferStack::casHead (26 bytes)
Event: 6979.508 Thread 0x000001fb06c095e0 nmethod 13085 0x000001fb0017dc10 code [0x000001fb0017de00, 0x000001fb0017e298]
Event: 7070.874 Thread 0x000001fb06c095e0 13086       1       org.eclipse.lsp4j.jsonrpc.messages.RequestMessage::setMethod (6 bytes)
Event: 7070.880 Thread 0x000001fb06c095e0 nmethod 13086 0x000001fb0017d910 code [0x000001fb0017daa0, 0x000001fb0017dbb8]
Event: 7070.880 Thread 0x000001fb06c095e0 13088       1       org.eclipse.lsp4j.jsonrpc.messages.IdentifiableMessage::<init> (5 bytes)
Event: 7070.880 Thread 0x000001fb06c095e0 nmethod 13088 0x000001fb0017d610 code [0x000001fb0017d7a0, 0x000001fb0017d8b8]
Event: 7070.881 Thread 0x000001fb06c095e0 13087       1       org.eclipse.lsp4j.jsonrpc.messages.RequestMessage::setParams (6 bytes)
Event: 7070.888 Thread 0x000001fb06c095e0 nmethod 13087 0x000001fb0017d310 code [0x000001fb0017d4a0, 0x000001fb0017d5b8]

GC Heap History (20 events):
Event: 7217.496 GC heap before
{Heap before GC invocations=694 (full 647):
 garbage-first heap   total 280576K, used 84180K [0x00000000c0000000, 0x0000000100000000)
  region size 1024K, 1 young (1024K), 0 survivors (0K)
 Metaspace       used 71640K, committed 72448K, reserved 1114112K
  class space    used 9795K, committed 10112K, reserved 1048576K
}
Event: 7217.558 GC heap after
{Heap after GC invocations=695 (full 648):
 garbage-first heap   total 280576K, used 84180K [0x00000000c0000000, 0x0000000100000000)
  region size 1024K, 0 young (0K), 0 survivors (0K)
 Metaspace       used 71640K, committed 72448K, reserved 1114112K
  class space    used 9795K, committed 10112K, reserved 1048576K
}
Event: 7227.777 GC heap before
{Heap before GC invocations=695 (full 648):
 garbage-first heap   total 280576K, used 84180K [0x00000000c0000000, 0x0000000100000000)
  region size 1024K, 1 young (1024K), 0 survivors (0K)
 Metaspace       used 71640K, committed 72448K, reserved 1114112K
  class space    used 9795K, committed 10112K, reserved 1048576K
}
Event: 7227.848 GC heap after
{Heap after GC invocations=696 (full 649):
 garbage-first heap   total 280576K, used 84180K [0x00000000c0000000, 0x0000000100000000)
  region size 1024K, 0 young (0K), 0 survivors (0K)
 Metaspace       used 71640K, committed 72448K, reserved 1114112K
  class space    used 9795K, committed 10112K, reserved 1048576K
}
Event: 7238.077 GC heap before
{Heap before GC invocations=696 (full 649):
 garbage-first heap   total 280576K, used 84180K [0x00000000c0000000, 0x0000000100000000)
  region size 1024K, 1 young (1024K), 0 survivors (0K)
 Metaspace       used 71640K, committed 72448K, reserved 1114112K
  class space    used 9795K, committed 10112K, reserved 1048576K
}
Event: 7238.141 GC heap after
{Heap after GC invocations=697 (full 650):
 garbage-first heap   total 280576K, used 84180K [0x00000000c0000000, 0x0000000100000000)
  region size 1024K, 0 young (0K), 0 survivors (0K)
 Metaspace       used 71640K, committed 72448K, reserved 1114112K
  class space    used 9795K, committed 10112K, reserved 1048576K
}
Event: 7248.368 GC heap before
{Heap before GC invocations=697 (full 650):
 garbage-first heap   total 280576K, used 84180K [0x00000000c0000000, 0x0000000100000000)
  region size 1024K, 1 young (1024K), 0 survivors (0K)
 Metaspace       used 71640K, committed 72448K, reserved 1114112K
  class space    used 9795K, committed 10112K, reserved 1048576K
}
Event: 7248.429 GC heap after
{Heap after GC invocations=698 (full 651):
 garbage-first heap   total 280576K, used 84180K [0x00000000c0000000, 0x0000000100000000)
  region size 1024K, 0 young (0K), 0 survivors (0K)
 Metaspace       used 71640K, committed 72448K, reserved 1114112K
  class space    used 9795K, committed 10112K, reserved 1048576K
}
Event: 7258.629 GC heap before
{Heap before GC invocations=698 (full 651):
 garbage-first heap   total 280576K, used 84180K [0x00000000c0000000, 0x0000000100000000)
  region size 1024K, 1 young (1024K), 0 survivors (0K)
 Metaspace       used 71640K, committed 72448K, reserved 1114112K
  class space    used 9795K, committed 10112K, reserved 1048576K
}
Event: 7258.688 GC heap after
{Heap after GC invocations=699 (full 652):
 garbage-first heap   total 280576K, used 84180K [0x00000000c0000000, 0x0000000100000000)
  region size 1024K, 0 young (0K), 0 survivors (0K)
 Metaspace       used 71640K, committed 72448K, reserved 1114112K
  class space    used 9795K, committed 10112K, reserved 1048576K
}
Event: 7268.890 GC heap before
{Heap before GC invocations=699 (full 652):
 garbage-first heap   total 280576K, used 84180K [0x00000000c0000000, 0x0000000100000000)
  region size 1024K, 1 young (1024K), 0 survivors (0K)
 Metaspace       used 71640K, committed 72448K, reserved 1114112K
  class space    used 9795K, committed 10112K, reserved 1048576K
}
Event: 7268.953 GC heap after
{Heap after GC invocations=700 (full 653):
 garbage-first heap   total 280576K, used 84180K [0x00000000c0000000, 0x0000000100000000)
  region size 1024K, 0 young (0K), 0 survivors (0K)
 Metaspace       used 71640K, committed 72448K, reserved 1114112K
  class space    used 9795K, committed 10112K, reserved 1048576K
}
Event: 7279.143 GC heap before
{Heap before GC invocations=700 (full 653):
 garbage-first heap   total 280576K, used 84180K [0x00000000c0000000, 0x0000000100000000)
  region size 1024K, 1 young (1024K), 0 survivors (0K)
 Metaspace       used 71640K, committed 72448K, reserved 1114112K
  class space    used 9795K, committed 10112K, reserved 1048576K
}
Event: 7279.191 GC heap after
{Heap after GC invocations=701 (full 654):
 garbage-first heap   total 280576K, used 84180K [0x00000000c0000000, 0x0000000100000000)
  region size 1024K, 0 young (0K), 0 survivors (0K)
 Metaspace       used 71640K, committed 72448K, reserved 1114112K
  class space    used 9795K, committed 10112K, reserved 1048576K
}
Event: 7289.431 GC heap before
{Heap before GC invocations=701 (full 654):
 garbage-first heap   total 280576K, used 84180K [0x00000000c0000000, 0x0000000100000000)
  region size 1024K, 1 young (1024K), 0 survivors (0K)
 Metaspace       used 71640K, committed 72448K, reserved 1114112K
  class space    used 9795K, committed 10112K, reserved 1048576K
}
Event: 7289.498 GC heap after
{Heap after GC invocations=702 (full 655):
 garbage-first heap   total 280576K, used 84180K [0x00000000c0000000, 0x0000000100000000)
  region size 1024K, 0 young (0K), 0 survivors (0K)
 Metaspace       used 71640K, committed 72448K, reserved 1114112K
  class space    used 9795K, committed 10112K, reserved 1048576K
}
Event: 7299.705 GC heap before
{Heap before GC invocations=702 (full 655):
 garbage-first heap   total 280576K, used 84180K [0x00000000c0000000, 0x0000000100000000)
  region size 1024K, 1 young (1024K), 0 survivors (0K)
 Metaspace       used 71640K, committed 72448K, reserved 1114112K
  class space    used 9795K, committed 10112K, reserved 1048576K
}
Event: 7299.755 GC heap after
{Heap after GC invocations=703 (full 656):
 garbage-first heap   total 280576K, used 84180K [0x00000000c0000000, 0x0000000100000000)
  region size 1024K, 0 young (0K), 0 survivors (0K)
 Metaspace       used 71640K, committed 72448K, reserved 1114112K
  class space    used 9795K, committed 10112K, reserved 1048576K
}
Event: 7309.968 GC heap before
{Heap before GC invocations=703 (full 656):
 garbage-first heap   total 280576K, used 84180K [0x00000000c0000000, 0x0000000100000000)
  region size 1024K, 1 young (1024K), 0 survivors (0K)
 Metaspace       used 71640K, committed 72448K, reserved 1114112K
  class space    used 9795K, committed 10112K, reserved 1048576K
}
Event: 7310.029 GC heap after
{Heap after GC invocations=704 (full 657):
 garbage-first heap   total 280576K, used 84180K [0x00000000c0000000, 0x0000000100000000)
  region size 1024K, 0 young (0K), 0 survivors (0K)
 Metaspace       used 71640K, committed 72448K, reserved 1114112K
  class space    used 9795K, committed 10112K, reserved 1048576K
}

Dll operation events (10 events):
Event: 0.006 Loaded shared library c:\Users\COMPUTER\.vscode\extensions\redhat.java-1.16.0-win32-x64\jre\17.0.6-win32-x86_64\bin\java.dll
Event: 0.165 Loaded shared library C:\Users\COMPUTER\.vscode\extensions\redhat.java-1.16.0-win32-x64\jre\17.0.6-win32-x86_64\bin\net.dll
Event: 0.166 Loaded shared library C:\Users\COMPUTER\.vscode\extensions\redhat.java-1.16.0-win32-x64\jre\17.0.6-win32-x86_64\bin\nio.dll
Event: 0.436 Loaded shared library C:\Users\COMPUTER\.vscode\extensions\redhat.java-1.16.0-win32-x64\jre\17.0.6-win32-x86_64\bin\zip.dll
Event: 6.609 Loaded shared library C:\Users\COMPUTER\.vscode\extensions\redhat.java-1.16.0-win32-x64\jre\17.0.6-win32-x86_64\bin\jimage.dll
Event: 13.001 Loaded shared library C:\Users\COMPUTER\.vscode\extensions\redhat.java-1.16.0-win32-x64\jre\17.0.6-win32-x86_64\bin\management.dll
Event: 13.026 Loaded shared library C:\Users\COMPUTER\.vscode\extensions\redhat.java-1.16.0-win32-x64\jre\17.0.6-win32-x86_64\bin\management_ext.dll
Event: 15.543 Loaded shared library C:\Users\COMPUTER\.vscode\extensions\redhat.java-1.16.0-win32-x64\jre\17.0.6-win32-x86_64\bin\sunmscapi.dll
Event: 17.308 Loaded shared library C:\Users\COMPUTER\AppData\Local\Temp\snappy-1.1.8-79eaf28d-4495-4b9e-94c5-a16bdbbaea51-snappyjava.dll
Event: 18.830 Loaded shared library c:\Users\COMPUTER\.vscode\extensions\redhat.java-1.16.0-win32-x64\jre\17.0.6-win32-x86_64\bin\verify.dll

Deoptimization events (20 events):
Event: 20.801 Thread 0x000001fb08c90550 DEOPT PACKING pc=0x000001fb013c496c sp=0x000000d1b66fdf30
Event: 20.801 Thread 0x000001fb08c90550 DEOPT UNPACKING pc=0x000001fb0005ace3 sp=0x000000d1b66fd480 mode 0
Event: 20.801 Thread 0x000001fb08c90550 DEOPT PACKING pc=0x000001fb013c496c sp=0x000000d1b66fe260
Event: 20.801 Thread 0x000001fb08c90550 DEOPT UNPACKING pc=0x000001fb0005ace3 sp=0x000000d1b66fd7b0 mode 0
Event: 20.801 Thread 0x000001fb08c90550 DEOPT PACKING pc=0x000001fb013c496c sp=0x000000d1b66fe540
Event: 20.801 Thread 0x000001fb08c90550 DEOPT UNPACKING pc=0x000001fb0005ace3 sp=0x000000d1b66fda90 mode 0
Event: 22.267 Thread 0x000001fb08c90550 DEOPT PACKING pc=0x000001fb013d0744 sp=0x000000d1b66fc420
Event: 22.267 Thread 0x000001fb08c90550 DEOPT UNPACKING pc=0x000001fb0005ace3 sp=0x000000d1b66fb800 mode 0
Event: 22.340 Thread 0x000001fb08c90550 DEOPT PACKING pc=0x000001fb01526dcc sp=0x000000d1b66fe020
Event: 22.340 Thread 0x000001fb08c90550 DEOPT UNPACKING pc=0x000001fb0005ace3 sp=0x000000d1b66fd5a8 mode 0
Event: 29.097 Thread 0x000001fb08f08620 DEOPT PACKING pc=0x000001fb00e1a304 sp=0x000000d1b7cfe050
Event: 29.097 Thread 0x000001fb08f08620 DEOPT UNPACKING pc=0x000001fb0005ace3 sp=0x000000d1b7cfd4c8 mode 0
Event: 46.604 Thread 0x000001fb08f08620 DEOPT PACKING pc=0x000001fb005b188f sp=0x000000d1b7cfc9b0
Event: 46.604 Thread 0x000001fb08f08620 DEOPT UNPACKING pc=0x000001fb0005ace3 sp=0x000000d1b7cfbea8 mode 3
Event: 46.959 Thread 0x000001fb08f04c60 DEOPT PACKING pc=0x000001fb005aa0a0 sp=0x000000d1b82fd5e0
Event: 46.959 Thread 0x000001fb08f04c60 DEOPT UNPACKING pc=0x000001fb0005ace3 sp=0x000000d1b82fca60 mode 3
Event: 735.371 Thread 0x000001fb08cd0020 DEOPT PACKING pc=0x000001fb00613ed4 sp=0x000000d1b5cff0a0
Event: 735.371 Thread 0x000001fb08cd0020 DEOPT UNPACKING pc=0x000001fb0005ace3 sp=0x000000d1b5cfe528 mode 0
Event: 4696.680 Thread 0x000001fb08f04c60 DEOPT PACKING pc=0x000001fb00587e66 sp=0x000000d1b3afe2c0
Event: 4696.680 Thread 0x000001fb08f04c60 DEOPT UNPACKING pc=0x000001fb0005ace3 sp=0x000000d1b3afd780 mode 3

Classes unloaded (20 events):
Event: 246.937 Thread 0x000001fb061b1ea0 Unloading class 0x000000010053d400 'java/lang/invoke/LambdaForm$MH+0x000000010053d400'
Event: 246.937 Thread 0x000001fb061b1ea0 Unloading class 0x000000010053cc00 'java/lang/invoke/LambdaForm$MH+0x000000010053cc00'
Event: 246.937 Thread 0x000001fb061b1ea0 Unloading class 0x000000010053c800 'java/lang/invoke/LambdaForm$MH+0x000000010053c800'
Event: 246.937 Thread 0x000001fb061b1ea0 Unloading class 0x000000010039c400 'java/lang/invoke/LambdaForm$MH+0x000000010039c400'
Event: 267.452 Thread 0x000001fb061b1ea0 Unloading class 0x0000000100356c00 'java/lang/invoke/LambdaForm$MH+0x0000000100356c00'
Event: 267.452 Thread 0x000001fb061b1ea0 Unloading class 0x0000000100356400 'java/lang/invoke/LambdaForm$MH+0x0000000100356400'
Event: 267.452 Thread 0x000001fb061b1ea0 Unloading class 0x0000000100356000 'java/lang/invoke/LambdaForm$MH+0x0000000100356000'
Event: 267.452 Thread 0x000001fb061b1ea0 Unloading class 0x0000000100355c00 'java/lang/invoke/LambdaForm$MH+0x0000000100355c00'
Event: 267.452 Thread 0x000001fb061b1ea0 Unloading class 0x0000000100355400 'java/lang/invoke/LambdaForm$MH+0x0000000100355400'
Event: 267.452 Thread 0x000001fb061b1ea0 Unloading class 0x0000000100355000 'java/lang/invoke/LambdaForm$MH+0x0000000100355000'
Event: 267.452 Thread 0x000001fb061b1ea0 Unloading class 0x000000010008b800 'java/lang/invoke/LambdaForm$MH+0x000000010008b800'
Event: 267.452 Thread 0x000001fb061b1ea0 Unloading class 0x000000010008b400 'java/lang/invoke/LambdaForm$MH+0x000000010008b400'
Event: 267.452 Thread 0x000001fb061b1ea0 Unloading class 0x000000010008b000 'java/lang/invoke/LambdaForm$MH+0x000000010008b000'
Event: 267.452 Thread 0x000001fb061b1ea0 Unloading class 0x000000010008ac00 'java/lang/invoke/LambdaForm$MH+0x000000010008ac00'
Event: 267.452 Thread 0x000001fb061b1ea0 Unloading class 0x000000010008a800 'java/lang/invoke/LambdaForm$MH+0x000000010008a800'
Event: 267.452 Thread 0x000001fb061b1ea0 Unloading class 0x000000010008a400 'java/lang/invoke/LambdaForm$MH+0x000000010008a400'
Event: 267.452 Thread 0x000001fb061b1ea0 Unloading class 0x0000000100089c00 'java/lang/invoke/LambdaForm$MH+0x0000000100089c00'
Event: 267.452 Thread 0x000001fb061b1ea0 Unloading class 0x0000000100089400 'java/lang/invoke/LambdaForm$MH+0x0000000100089400'
Event: 267.452 Thread 0x000001fb061b1ea0 Unloading class 0x0000000100088c00 'java/lang/invoke/LambdaForm$MH+0x0000000100088c00'
Event: 267.452 Thread 0x000001fb061b1ea0 Unloading class 0x0000000100088400 'java/lang/invoke/LambdaForm$MH+0x0000000100088400'

Classes redefined (0 events):
No events

Internal exceptions (20 events):
Event: 4696.780 Thread 0x000001fb08f06940 Exception <a 'sun/nio/fs/WindowsException'{0x00000000cf588038}> (0x00000000cf588038) 
thrown [s\src\hotspot\share\prims\jni.cpp, line 516]
Event: 4696.782 Thread 0x000001fb08f06940 Exception <a 'sun/nio/fs/WindowsException'{0x00000000cf596c50}> (0x00000000cf596c50) 
thrown [s\src\hotspot\share\prims\jni.cpp, line 516]
Event: 4696.783 Thread 0x000001fb08f06940 Exception <a 'sun/nio/fs/WindowsException'{0x00000000cf59fe40}> (0x00000000cf59fe40) 
thrown [s\src\hotspot\share\prims\jni.cpp, line 516]
Event: 4696.783 Thread 0x000001fb08f06940 Exception <a 'sun/nio/fs/WindowsException'{0x00000000cf5a0170}> (0x00000000cf5a0170) 
thrown [s\src\hotspot\share\prims\jni.cpp, line 516]
Event: 4696.803 Thread 0x000001fb08f06940 Exception <a 'sun/nio/fs/WindowsException'{0x00000000cf5bc168}> (0x00000000cf5bc168) 
thrown [s\src\hotspot\share\prims\jni.cpp, line 516]
Event: 4696.803 Thread 0x000001fb08f06940 Exception <a 'sun/nio/fs/WindowsException'{0x00000000cf5bc4c8}> (0x00000000cf5bc4c8) 
thrown [s\src\hotspot\share\prims\jni.cpp, line 516]
Event: 4696.805 Thread 0x000001fb08f06940 Exception <a 'sun/nio/fs/WindowsException'{0x00000000cf5bdc10}> (0x00000000cf5bdc10) 
thrown [s\src\hotspot\share\prims\jni.cpp, line 516]
Event: 4696.805 Thread 0x000001fb08f06940 Exception <a 'sun/nio/fs/WindowsException'{0x00000000cf5bdf98}> (0x00000000cf5bdf98) 
thrown [s\src\hotspot\share\prims\jni.cpp, line 516]
Event: 4696.812 Thread 0x000001fb08f06940 Exception <a 'sun/nio/fs/WindowsException'{0x00000000cf5cfc68}> (0x00000000cf5cfc68) 
thrown [s\src\hotspot\share\prims\jni.cpp, line 516]
Event: 4696.812 Thread 0x000001fb08f06940 Exception <a 'sun/nio/fs/WindowsException'{0x00000000cf5cffb8}> (0x00000000cf5cffb8) 
thrown [s\src\hotspot\share\prims\jni.cpp, line 516]
Event: 4696.812 Thread 0x000001fb08f06940 Exception <a 'sun/nio/fs/WindowsException'{0x00000000cf5d1998}> (0x00000000cf5d1998) 
thrown [s\src\hotspot\share\prims\jni.cpp, line 516]
Event: 4696.812 Thread 0x000001fb08f06940 Exception <a 'sun/nio/fs/WindowsException'{0x00000000cf5d1d08}> (0x00000000cf5d1d08) 
thrown [s\src\hotspot\share\prims\jni.cpp, line 516]
Event: 4696.814 Thread 0x000001fb08f06940 Exception <a 'sun/nio/fs/WindowsException'{0x00000000cf5db680}> (0x00000000cf5db680) 
thrown [s\src\hotspot\share\prims\jni.cpp, line 516]
Event: 4696.814 Thread 0x000001fb08f06940 Exception <a 'sun/nio/fs/WindowsException'{0x00000000cf5db9f8}> (0x00000000cf5db9f8) 
thrown [s\src\hotspot\share\prims\jni.cpp, line 516]
Event: 4696.814 Thread 0x000001fb08f06940 Exception <a 'sun/nio/fs/WindowsException'{0x00000000cf5dd408}> (0x00000000cf5dd408) 
thrown [s\src\hotspot\share\prims\jni.cpp, line 516]
Event: 4696.814 Thread 0x000001fb08f06940 Exception <a 'sun/nio/fs/WindowsException'{0x00000000cf5dd798}> (0x00000000cf5dd798) 
thrown [s\src\hotspot\share\prims\jni.cpp, line 516]
Event: 4696.830 Thread 0x000001fb08f06940 Exception <a 'sun/nio/fs/WindowsException'{0x00000000cf32e558}> (0x00000000cf32e558) 
thrown [s\src\hotspot\share\prims\jni.cpp, line 516]
Event: 4696.830 Thread 0x000001fb08f06940 Exception <a 'sun/nio/fs/WindowsException'{0x00000000cf32e8e0}> (0x00000000cf32e8e0) 
thrown [s\src\hotspot\share\prims\jni.cpp, line 516]
Event: 4696.830 Thread 0x000001fb08f06940 Exception <a 'sun/nio/fs/WindowsException'{0x00000000cf3302f0}> (0x00000000cf3302f0) 
thrown [s\src\hotspot\share\prims\jni.cpp, line 516]
Event: 4696.830 Thread 0x000001fb08f06940 Exception <a 'sun/nio/fs/WindowsException'{0x00000000cf330698}> (0x00000000cf330698) 
thrown [s\src\hotspot\share\prims\jni.cpp, line 516]

VM Operations (20 events):
Event: 7217.558 Executing VM operation: G1CollectFull done
Event: 7227.776 Executing VM operation: G1CollectFull
Event: 7227.849 Executing VM operation: G1CollectFull done
Event: 7238.053 Executing VM operation: G1CollectFull
Event: 7238.141 Executing VM operation: G1CollectFull done
Event: 7248.368 Executing VM operation: G1CollectFull
Event: 7248.429 Executing VM operation: G1CollectFull done
Event: 7258.629 Executing VM operation: G1CollectFull
Event: 7258.689 Executing VM operation: G1CollectFull done
Event: 7268.890 Executing VM operation: G1CollectFull
Event: 7268.954 Executing VM operation: G1CollectFull done
Event: 7279.143 Executing VM operation: G1CollectFull
Event: 7279.191 Executing VM operation: G1CollectFull done
Event: 7289.431 Executing VM operation: G1CollectFull
Event: 7289.498 Executing VM operation: G1CollectFull done
Event: 7299.704 Executing VM operation: G1CollectFull
Event: 7299.755 Executing VM operation: G1CollectFull done
Event: 7309.968 Executing VM operation: G1CollectFull
Event: 7310.029 Executing VM operation: G1CollectFull done
Event: 7320.141 Executing VM operation: G1CollectFull

Events (20 events):
Event: 4756.839 Thread 0x000001fb08f04c60 Thread exited: 0x000001fb08f04c60
Event: 4756.885 Thread 0x000001fb08f06940 Thread exited: 0x000001fb08f06940
Event: 4756.886 Thread 0x000001fb08f0b640 Thread exited: 0x000001fb08f0b640
Event: 4816.899 Thread 0x000001fb08f05130 Thread exited: 0x000001fb08f05130
Event: 5850.216 Thread 0x000001fb08f04790 Thread added: 0x000001fb08f04790
Event: 5910.236 Thread 0x000001fb08f04790 Thread exited: 0x000001fb08f04790
Event: 5961.524 Thread 0x000001fb08f072e0 Thread added: 0x000001fb08f072e0
Event: 6056.726 Thread 0x000001fb08f072e0 Thread exited: 0x000001fb08f072e0
Event: 6129.510 Thread 0x000001fb08f0aca0 Thread added: 0x000001fb08f0aca0
Event: 6189.526 Thread 0x000001fb08f0aca0 Thread exited: 0x000001fb08f0aca0
Event: 6269.619 Thread 0x000001fb08f08150 Thread added: 0x000001fb08f08150
Event: 6329.634 Thread 0x000001fb08f08150 Thread exited: 0x000001fb08f08150
Event: 6584.932 Thread 0x000001fb08f05ad0 Thread added: 0x000001fb08f05ad0
Event: 6644.950 Thread 0x000001fb08f05ad0 Thread exited: 0x000001fb08f05ad0
Event: 6810.426 Thread 0x000001fb08f072e0 Thread added: 0x000001fb08f072e0
Event: 6870.434 Thread 0x000001fb08f072e0 Thread exited: 0x000001fb08f072e0
Event: 6875.171 Thread 0x000001fb08f08af0 Thread added: 0x000001fb08f08af0
Event: 6935.187 Thread 0x000001fb08f08af0 Thread exited: 0x000001fb08f08af0
Event: 6936.992 Thread 0x000001fb08f08150 Thread added: 0x000001fb08f08150
Event: 7130.874 Thread 0x000001fb08f08150 Thread exited: 0x000001fb08f08150


Dynamic libraries:
0x00007ff7ca660000 - 0x00007ff7ca66e000 	c:\Users\COMPUTER\.vscode\extensions\redhat.java-1.16.0-win32-x64\jre\17.0.6-win32-x86_64\bin\java.exe
0x00007ff8d2870000 - 0x00007ff8d2a84000 	C:\WINDOWS\SYSTEM32\ntdll.dll
0x00007ff8d1b20000 - 0x00007ff8d1be3000 	C:\WINDOWS\System32\KERNEL32.DLL
0x00007ff8cffe0000 - 0x00007ff8d037c000 	C:\WINDOWS\System32\KERNELBASE.dll
0x00007ff8cfec0000 - 0x00007ff8cffd1000 	C:\WINDOWS\System32\ucrtbase.dll
0x00007ff8abc70000 - 0x00007ff8abc89000 	c:\Users\COMPUTER\.vscode\extensions\redhat.java-1.16.0-win32-x64\jre\17.0.6-win32-x86_64\bin\VCRUNTIME140.dll
0x00007ff8a9b00000 - 0x00007ff8a9b17000 	c:\Users\COMPUTER\.vscode\extensions\redhat.java-1.16.0-win32-x64\jre\17.0.6-win32-x86_64\bin\jli.dll
0x00007ff8d14d0000 - 0x00007ff8d167d000 	C:\WINDOWS\System32\USER32.dll
0x00007ff8c1a80000 - 0x00007ff8c1d0e000 	C:\WINDOWS\WinSxS\amd64_microsoft.windows.common-controls_6595b64144ccf1df_6.0.22621.608_none_a9444ca7c10bb01d\COMCTL32.dll
0x00007ff8d2560000 - 0x00007ff8d2607000 	C:\WINDOWS\System32\msvcrt.dll
0x00007ff8d26c0000 - 0x00007ff8d26e9000 	C:\WINDOWS\System32\GDI32.dll
0x00007ff8d0650000 - 0x00007ff8d0676000 	C:\WINDOWS\System32\win32u.dll
0x00007ff8cfd30000 - 0x00007ff8cfe43000 	C:\WINDOWS\System32\gdi32full.dll
0x00007ff8d05b0000 - 0x00007ff8d064a000 	C:\WINDOWS\System32\msvcp_win.dll
0x00007ff8d1bf0000 - 0x00007ff8d1c21000 	C:\WINDOWS\System32\IMM32.DLL
0x00007ff8c67d0000 - 0x00007ff8c67dc000 	c:\Users\COMPUTER\.vscode\extensions\redhat.java-1.16.0-win32-x64\jre\17.0.6-win32-x86_64\bin\vcruntime140_1.dll
0x00007ff89ee70000 - 0x00007ff89ef01000 	c:\Users\COMPUTER\.vscode\extensions\redhat.java-1.16.0-win32-x64\jre\17.0.6-win32-x86_64\bin\msvcp140.dll
0x00007ff81cb10000 - 0x00007ff81d757000 	c:\Users\COMPUTER\.vscode\extensions\redhat.java-1.16.0-win32-x64\jre\17.0.6-win32-x86_64\bin\server\jvm.dll
0x00007ff8d2610000 - 0x00007ff8d26be000 	C:\WINDOWS\System32\ADVAPI32.dll
0x00007ff8d2440000 - 0x00007ff8d24e4000 	C:\WINDOWS\System32\sechost.dll
0x00007ff8d2710000 - 0x00007ff8d2825000 	C:\WINDOWS\System32\RPCRT4.dll
0x00007ff8c5a30000 - 0x00007ff8c5a64000 	C:\WINDOWS\SYSTEM32\WINMM.dll
0x00007ff8c52a0000 - 0x00007ff8c52aa000 	C:\WINDOWS\SYSTEM32\VERSION.dll
0x00007ff8c27f0000 - 0x00007ff8c27f9000 	C:\WINDOWS\SYSTEM32\WSOCK32.dll
0x00007ff8d0c60000 - 0x00007ff8d0cd1000 	C:\WINDOWS\System32\WS2_32.dll
0x00007ff8cedb0000 - 0x00007ff8cedc8000 	C:\WINDOWS\SYSTEM32\kernel.appcore.dll
0x00007ff8be250000 - 0x00007ff8be25a000 	c:\Users\COMPUTER\.vscode\extensions\redhat.java-1.16.0-win32-x64\jre\17.0.6-win32-x86_64\bin\jimage.dll
0x00007ff8cd670000 - 0x00007ff8cd89e000 	C:\WINDOWS\SYSTEM32\DBGHELP.DLL
0x00007ff8d1680000 - 0x00007ff8d1a09000 	C:\WINDOWS\System32\combase.dll
0x00007ff8d1a40000 - 0x00007ff8d1b17000 	C:\WINDOWS\System32\OLEAUT32.dll
0x00007ff8c4510000 - 0x00007ff8c4542000 	C:\WINDOWS\SYSTEM32\dbgcore.DLL
0x00007ff8cfcb0000 - 0x00007ff8cfd2b000 	C:\WINDOWS\System32\bcryptPrimitives.dll
0x00007ff8a8870000 - 0x00007ff8a8895000 	c:\Users\COMPUTER\.vscode\extensions\redhat.java-1.16.0-win32-x64\jre\17.0.6-win32-x86_64\bin\java.dll
0x00007ff8a9650000 - 0x00007ff8a9668000 	c:\Users\COMPUTER\.vscode\extensions\redhat.java-1.16.0-win32-x64\jre\17.0.6-win32-x86_64\bin\zip.dll
0x00007ff8d0ce0000 - 0x00007ff8d14d0000 	C:\WINDOWS\System32\SHELL32.dll
0x00007ff8cdc80000 - 0x00007ff8ce54e000 	C:\WINDOWS\SYSTEM32\windows.storage.dll
0x00007ff8cdb40000 - 0x00007ff8cdc7e000 	C:\WINDOWS\SYSTEM32\wintypes.dll
0x00007ff8d0880000 - 0x00007ff8d0971000 	C:\WINDOWS\System32\SHCORE.dll
0x00007ff8d1ce0000 - 0x00007ff8d1d3e000 	C:\WINDOWS\System32\shlwapi.dll
0x00007ff8cfbe0000 - 0x00007ff8cfc01000 	C:\WINDOWS\SYSTEM32\profapi.dll
0x00007ff8ae300000 - 0x00007ff8ae319000 	C:\Users\COMPUTER\.vscode\extensions\redhat.java-1.16.0-win32-x64\jre\17.0.6-win32-x86_64\bin\net.dll
0x00007ff8c7150000 - 0x00007ff8c727f000 	C:\WINDOWS\SYSTEM32\WINHTTP.dll
0x00007ff8cf220000 - 0x00007ff8cf289000 	C:\WINDOWS\system32\mswsock.dll
0x00007ff8abca0000 - 0x00007ff8abcb5000 	C:\Users\COMPUTER\.vscode\extensions\redhat.java-1.16.0-win32-x64\jre\17.0.6-win32-x86_64\bin\nio.dll
0x00007ff8cf450000 - 0x00007ff8cf46b000 	C:\WINDOWS\SYSTEM32\CRYPTSP.dll
0x00007ff8ced20000 - 0x00007ff8ced55000 	C:\WINDOWS\system32\rsaenh.dll
0x00007ff8cf2e0000 - 0x00007ff8cf308000 	C:\WINDOWS\SYSTEM32\USERENV.dll
0x00007ff8cf660000 - 0x00007ff8cf688000 	C:\WINDOWS\SYSTEM32\bcrypt.dll
0x00007ff8cf470000 - 0x00007ff8cf47c000 	C:\WINDOWS\SYSTEM32\CRYPTBASE.dll
0x00007ff8ce790000 - 0x00007ff8ce7bd000 	C:\WINDOWS\SYSTEM32\IPHLPAPI.DLL
0x00007ff8d2540000 - 0x00007ff8d2549000 	C:\WINDOWS\System32\NSI.dll
0x00007ff8c64f0000 - 0x00007ff8c6509000 	C:\WINDOWS\SYSTEM32\dhcpcsvc6.DLL
0x00007ff8c5cb0000 - 0x00007ff8c5ccf000 	C:\WINDOWS\SYSTEM32\dhcpcsvc.DLL
0x00007ff8ce7c0000 - 0x00007ff8ce8b3000 	C:\WINDOWS\SYSTEM32\DNSAPI.dll
0x00007ff8a99a0000 - 0x00007ff8a99a9000 	C:\Users\COMPUTER\.vscode\extensions\redhat.java-1.16.0-win32-x64\jre\17.0.6-win32-x86_64\bin\management.dll
0x00007ff8a9990000 - 0x00007ff8a999b000 	C:\Users\COMPUTER\.vscode\extensions\redhat.java-1.16.0-win32-x64\jre\17.0.6-win32-x86_64\bin\management_ext.dll
0x00007ff8d23d0000 - 0x00007ff8d23d8000 	C:\WINDOWS\System32\PSAPI.DLL
0x00007ff8a99b0000 - 0x00007ff8a99be000 	C:\Users\COMPUTER\.vscode\extensions\redhat.java-1.16.0-win32-x64\jre\17.0.6-win32-x86_64\bin\sunmscapi.dll
0x00007ff8d0440000 - 0x00007ff8d05a6000 	C:\WINDOWS\System32\CRYPT32.dll
0x00007ff8cf630000 - 0x00007ff8cf65d000 	C:\WINDOWS\SYSTEM32\ncrypt.dll
0x00007ff8cf5f0000 - 0x00007ff8cf627000 	C:\WINDOWS\SYSTEM32\NTASN1.dll
0x00007ff8c5290000 - 0x00007ff8c529a000 	C:\Windows\System32\rasadhlp.dll
0x00007ff8c5630000 - 0x00007ff8c56b3000 	C:\WINDOWS\System32\fwpuclnt.dll
0x000000006c500000 - 0x000000006c5c7000 	C:\Users\COMPUTER\AppData\Local\Temp\snappy-1.1.8-79eaf28d-4495-4b9e-94c5-a16bdbbaea51-snappyjava.dll
0x00007ff8abc90000 - 0x00007ff8abca0000 	c:\Users\COMPUTER\.vscode\extensions\redhat.java-1.16.0-win32-x64\jre\17.0.6-win32-x86_64\bin\verify.dll

dbghelp: loaded successfully - version: 4.0.5 - missing functions: none
symbol engine: initialized successfully - sym options: 0x614 - pdb path: .;c:\Users\COMPUTER\.vscode\extensions\redhat.java-1.16.0-win32-x64\jre\17.0.6-win32-x86_64\bin;C:\WINDOWS\SYSTEM32;C:\WINDOWS\WinSxS\amd64_microsoft.windows.common-controls_6595b64144ccf1df_6.0.22621.608_none_a9444ca7c10bb01d;c:\Users\COMPUTER\.vscode\extensions\redhat.java-1.16.0-win32-x64\jre\17.0.6-win32-x86_64\bin\server;C:\Users\COMPUTER\AppData\Local\Temp

VM Arguments:
jvm_args: -XX:+HeapDumpOnOutOfMemoryError -Xmx1024m -Dsts.lsp.client=vscode -Dsts.log.file=/dev/null -XX:TieredStopAtLevel=1 -Xlog:jni+resolve=off -Dspring.config.location=file:c:\Users\COMPUTER\.vscode\extensions\vmware.vscode-spring-boot-1.45.0\language-server\BOOT-INF\classes\application.properties 
java_command: org.springframework.ide.vscode.boot.app.BootLanguageServerBootApp
java_class_path (initial): c:\Users\COMPUTER\.vscode\extensions\vmware.vscode-spring-boot-1.45.0\language-server\BOOT-INF\classes;c:\Users\COMPUTER\.vscode\extensions\vmware.vscode-spring-boot-1.45.0\language-server\BOOT-INF\lib\annotations-24.0.1.jar;c:\Users\COMPUTER\.vscode\extensions\vmware.vscode-spring-boot-1.45.0\language-server\BOOT-INF\lib\ant-1.10.13.jar;c:\Users\COMPUTER\.vscode\extensions\vmware.vscode-spring-boot-1.45.0\language-server\BOOT-INF\lib\ant-launcher-1.10.13.jar;c:\Users\COMPUTER\.vscode\extensions\vmware.vscode-spring-boot-1.45.0\language-server\BOOT-INF\lib\antlr-runtime-3.5.3.jar;c:\Users\COMPUTER\.vscode\extensions\vmware.vscode-spring-boot-1.45.0\language-server\BOOT-INF\lib\antlr4-4.11.1.jar;c:\Users\COMPUTER\.vscode\extensions\vmware.vscode-spring-boot-1.45.0\language-server\BOOT-INF\lib\antlr4-runtime-4.11.1.jar;c:\Users\COMPUTER\.vscode\extensions\vmware.vscode-spring-boot-1.45.0\language-server\BOOT-INF\lib\asm-9.4.jar;c:\Users\COMPUTER\.vscode\extensions\vmware.vscode-spring-boot-1.45.0\language-server\BOOT-INF\lib\asm-analysis-9.4.jar;c:\Users\COMPUTER\.vscode\extensions\vmware.vscode-spring-boot-1.45.0\language-server\BOOT-INF\lib\asm-tree-9.4.jar;c:\Users\COMPUTER\.vscode\extensions\vmware.vscode-spring-boot-1.45.0\language-server\BOOT-INF\lib\asm-util-9.4.jar;c:\Users\COMPUTER\.vscode\extensions\vmware.vscode-spring-boot-1.45.0\language-server\BOOT-INF\lib\caffeine-3.1.2.jar;c:\Users\COMPUTER\.vscode\extensions\vmware.vscode-spring-boot-1.45.0\language-server\BOOT-INF\lib\checker-qual-3.12.0.jar;c:\Users\COMPUTER\.vscode\extensions\vmware.vscode-spring-boot-1.45.0\language-server\BOOT-INF\lib\classgraph-4.8.149.jar;c:\Users\COMPUTER\.vscode\extensions\vmware.vscode-spring-boot-1.45.0\language-server\BOOT-INF\lib\commons-codec-1.15.jar;c:\Users\COMPUTER\.vscode\extensions\vmware.vscode-spring-boot-1.45.0\language-server\BOOT-INF\lib\commons-compress-1.22.jar;c:\Users\COMPUTER\.vscode\extensions\vmware.vscode-spring-boot-1.45.0
Launcher Type: SUN_STANDARD

[Global flags]
     intx CICompilerCount                          = 4                                         {product} {ergonomic}
     uint ConcGCThreads                            = 2                                         {product} {ergonomic}
     uint G1ConcRefinementThreads                  = 8                                         {product} {ergonomic}
   size_t G1HeapRegionSize                         = 1048576                                   {product} {ergonomic}
    uintx GCDrainStackTargetSize                   = 64                                        {product} {ergonomic}
     bool HeapDumpOnOutOfMemoryError               = true                                   {manageable} {command line}
   size_t InitialHeapSize                          = 130023424                                 {product} {ergonomic}
   size_t MarkStackSize                            = 4194304                                   {product} {ergonomic}
   size_t MaxHeapSize                              = 1073741824                                {product} {command line}
   size_t MaxNewSize                               = 643825664                                 {product} {ergonomic}
   size_t MinHeapDeltaBytes                        = 1048576                                   {product} {ergonomic}
   size_t MinHeapSize                              = 8388608                                   {product} {ergonomic}
    uintx NonProfiledCodeHeapSize                  = 0                                      {pd product} {ergonomic}
     bool ProfileInterpreter                       = false                                  {pd product} {command line}
    uintx ProfiledCodeHeapSize                     = 0                                      {pd product} {ergonomic}
   size_t SoftMaxHeapSize                          = 1073741824                             {manageable} {ergonomic}
     intx TieredStopAtLevel                        = 1                                         {product} {command line}
     bool UseCompressedClassPointers               = true                           {product lp64_product} {ergonomic}
     bool UseCompressedOops                        = true                           {product lp64_product} {ergonomic}
     bool UseG1GC                                  = true                                      {product} {ergonomic}
     bool UseLargePagesIndividualAllocation        = false                                  {pd product} {ergonomic}

Logging:
Log output configuration:
 #0: stdout all=warning,jni+resolve=off uptime,level,tags
 #1: stderr all=off uptime,level,tags

Environment Variables:
PATH=C:\Program Files (x86)\VMware\VMware Workstation\bin\;C:\Program Files\Common Files\Oracle\Java\javapath;C:\Windows\system32;C:\Windows;C:\Windows\System32\Wbem;C:\Windows\System32\WindowsPowerShell\v1.0\;C:\Windows\System32\OpenSSH\;C:\Program Files (x86)\NVIDIA Corporation\PhysX\Common;C:\Program Files\Microsoft SQL Server\130\Tools\Binn\;C:\Program Files\Microsoft SQL Server\Client SDK\ODBC\170\Tools\Binn\;C:\Program Files\dotnet\;C:\WINDOWS\system32;C:\WINDOWS;C:\WINDOWS\System32\Wbem;C:\WINDOWS\System32\WindowsPowerShell\v1.0\;C:\WINDOWS\System32\OpenSSH\;C:\Program Files\NVIDIA Corporation\NVIDIA NvDLISR;C:\Program Files\Git\cmd;C:\Program Files\nodejs\;C:\Program Files\Docker\Docker\resources\bin;C:\WINDOWS\system32;C:\WINDOWS;C:\WINDOWS\System32\Wbem;C:\WINDOWS\System32\WindowsPowerShell\v1.0\;C:\WINDOWS\System32\OpenSSH\;C:\Users\COMPUTER\AppData\Local\Programs\Python\Python310\Scripts\;C:\Users\COMPUTER\AppData\Local\Programs\Python\Python310\;C:\Users\COMPUTER\AppData\Local\Microsoft\WindowsApps;C:\Users\COMPUTER\AppData\Local\Programs\Microsoft VS Code\bin;C:\Users\COMPUTER\.dotnet\tools;C:\Program Files\JetBrains\PyCharm Community Edition 2021.3\bin;;C:\IntelliJ IDEA Community Edition 2022.1.2\bin;;C:\Users\COMPUTER\AppData\Local\GitHubDesktop\bin;C:\Users\COMPUTER\AppData\Roaming\npm;
USERNAME=COMPUTER
OS=Windows_NT
PROCESSOR_IDENTIFIER=Intel64 Family 6 Model 140 Stepping 1, GenuineIntel
TMP=C:\Users\COMPUTER\AppData\Local\Temp
TEMP=C:\Users\COMPUTER\AppData\Local\Temp



---------------  S Y S T E M  ---------------

OS:
 Windows 11 , 64 bit Build 22621 (10.0.22621.1344)
OS uptime: 1 days 19:01 hours
Hyper-V role detected

CPU: total 8 (initial active 8) (4 cores per cpu, 2 threads per core) family 6 model 140 stepping 1 microcode 0x86, cx8, cmov, fxsr, ht, mmx, 3dnowpref, sse, sse2, sse3, ssse3, sse4.1, sse4.2, popcnt, lzcnt, tsc, tscinvbit, avx, avx2, aes, erms, clmul, bmi1, bmi2, adx, avx512f, avx512dq, avx512cd, avx512bw, avx512vl, sha, fma, vzeroupper, avx512_vpopcntdq, avx512_vpclmulqdq, avx512_vaes, avx512_vnni, clflush, clflushopt, clwb, avx512_vbmi2, avx512_vbmi, hv

Memory: 4k page, system-wide physical 7890M (756M free)
TotalPageFile size 20102M (AvailPageFile size 11M)
current process WorkingSet (physical memory assigned to process): 144M, peak: 784M
current process commit charge ("private bytes"): 486M, peak: 885M

vm_info: OpenJDK 64-Bit Server VM (17.0.6+10) for windows-amd64 JRE (17.0.6+10), built on Jan 18 2023 10:08:59 by "temurin" with MS VC++ 16.7 (VS2019)

END.
